2025-06-05 20:03:00,963 - root - INFO - Logging to E:\EmotionAnalysis\Emotions-Analysis\outputs\logs\20250605_200300_training.log
2025-06-05 20:03:00,963 - root - INFO - Starting training pipeline...
2025-06-05 20:03:00,963 - root - INFO - Using device: cuda
2025-06-05 20:03:01,828 - root - INFO - Loaded tokenizer with vocab size: 30522
2025-06-05 20:03:01,828 - root - INFO - Loading data from raw files...
2025-06-05 20:03:01,828 - root - INFO - Loading raw data...
2025-06-05 20:03:02,249 - root - INFO - Preprocessing data ...
2025-06-05 20:03:03,818 - root - INFO - Data sizes - Train: 5548, Val: 686, Test: 693
2025-06-05 20:03:03,818 - root - INFO - Data loaded - Train: 5548, Val: 686, Test: 693
2025-06-05 20:03:03,818 - root - INFO - Train set unique emotions: [6 5 0 2 3 1 4]
2025-06-05 20:03:03,818 - root - INFO - Val set unique emotions: [6 0 1 2 4 5 3]
2025-06-05 20:03:03,818 - root - INFO - Creating datasets...
2025-06-05 20:03:03,830 - root - INFO - Setting vocab size to 30522
2025-06-05 20:03:03,830 - root - INFO - Creating dataloaders...
2025-06-05 20:03:03,831 - root - INFO - Initializing trainer...
2025-06-05 20:03:04,073 - root - INFO - Starting training...
2025-06-05 20:42:45,688 - root - INFO - Training completed. Best validation loss: 0.8533
2025-06-05 20:42:45,818 - root - INFO - Final model saved to E:\EmotionAnalysis\Emotions-Analysis\outputs\models\final_model.pt
2025-06-05 20:42:45,818 - root - INFO - Evaluating on validation set...
2025-06-05 20:43:13,103 - root - INFO - Validation evaluation report saved to E:\EmotionAnalysis\Emotions-Analysis\outputs\validation_evaluation_report.txt
2025-06-05 20:43:13,103 - root - INFO - 
Validation Set Results:
2025-06-05 20:43:13,103 - root - INFO - Accuracy: 0.4494
2025-06-05 20:43:13,103 - root - INFO - Precision: 0.4565
2025-06-05 20:43:13,103 - root - INFO - Recall: 0.4494
2025-06-05 20:43:13,103 - root - INFO - F1: 0.4366
2025-06-05 20:43:13,103 - root - INFO - Confusion_matrix_path: E:\EmotionAnalysis\Emotions-Analysis\outputs\figures\confusion_matrix_20250605_204312.png
2025-06-05 20:43:13,103 - root - INFO - Loading best model from E:\EmotionAnalysis\Emotions-Analysis\outputs\models\best_model.pt
2025-06-05 20:43:13,173 - root - INFO - Evaluating on test set...
2025-06-05 20:43:40,108 - root - INFO - Test evaluation report saved to E:\EmotionAnalysis\Emotions-Analysis\outputs\test_evaluation_report.txt
2025-06-05 20:43:40,108 - root - INFO - 
Test Set Results:
2025-06-05 20:43:40,108 - root - INFO - Accuracy: 0.4329
2025-06-05 20:43:40,108 - root - INFO - Precision: 0.4558
2025-06-05 20:43:40,108 - root - INFO - Recall: 0.4329
2025-06-05 20:43:40,108 - root - INFO - F1: 0.4256
2025-06-05 20:43:40,108 - root - INFO - Confusion_matrix_path: E:\EmotionAnalysis\Emotions-Analysis\outputs\figures\confusion_matrix_20250605_204339.png
2025-06-05 20:43:40,108 - root - INFO - Training and evaluation pipeline completed successfully!
