2025-06-05 19:12:07,219 - root - INFO - Logging to E:\EmotionAnalysis\Emotions-Analysis\outputs\logs\20250605_191207_training.log
2025-06-05 19:12:07,219 - root - INFO - Starting training pipeline...
2025-06-05 19:12:07,219 - root - INFO - Using device: cuda
2025-06-05 19:12:08,037 - root - INFO - Loaded tokenizer with vocab size: 30522
2025-06-05 19:12:08,037 - root - INFO - Loading data from raw files...
2025-06-05 19:12:08,037 - root - INFO - Loading raw data...
2025-06-05 19:12:08,448 - root - INFO - Preprocessing data ...
2025-06-05 19:12:10,130 - root - INFO - Data sizes - Train: 5548, Val: 686, Test: 693
2025-06-05 19:12:10,130 - root - INFO - Data loaded - Train: 5548, Val: 686, Test: 693
2025-06-05 19:12:10,130 - root - INFO - Train set unique emotions: [6 5 0 2 3 1 4]
2025-06-05 19:12:10,130 - root - INFO - Val set unique emotions: [6 0 1 2 4 5 3]
2025-06-05 19:12:10,130 - root - INFO - Creating datasets...
2025-06-05 19:12:10,130 - root - INFO - Setting vocab size to 30522
2025-06-05 19:12:10,130 - root - INFO - Creating dataloaders...
2025-06-05 19:12:10,130 - root - INFO - Initializing trainer...
2025-06-05 19:12:10,376 - root - INFO - Starting training...
2025-06-05 19:12:35,439 - root - WARNING - RuntimeError at batch 0: The expanded size of the tensor (8) must match the existing size (16) at non-singleton dimension 1.  Target sizes: [-1, 8, 512, -1].  Tensor sizes: [16, 1, 1]
2025-06-05 19:12:35,447 - root - WARNING - RuntimeError at batch 1: The expanded size of the tensor (8) must match the existing size (16) at non-singleton dimension 1.  Target sizes: [-1, 8, 512, -1].  Tensor sizes: [16, 1, 1]
2025-06-05 19:12:35,474 - root - WARNING - RuntimeError at batch 2: The expanded size of the tensor (8) must match the existing size (16) at non-singleton dimension 1.  Target sizes: [-1, 8, 512, -1].  Tensor sizes: [16, 1, 1]
2025-06-05 19:12:35,500 - root - WARNING - RuntimeError at batch 3: The expanded size of the tensor (8) must match the existing size (16) at non-singleton dimension 1.  Target sizes: [-1, 8, 512, -1].  Tensor sizes: [16, 1, 1]
2025-06-05 19:12:35,536 - root - WARNING - RuntimeError at batch 4: The expanded size of the tensor (8) must match the existing size (16) at non-singleton dimension 1.  Target sizes: [-1, 8, 512, -1].  Tensor sizes: [16, 1, 1]
2025-06-05 19:12:35,561 - root - WARNING - RuntimeError at batch 5: The expanded size of the tensor (8) must match the existing size (16) at non-singleton dimension 1.  Target sizes: [-1, 8, 512, -1].  Tensor sizes: [16, 1, 1]
2025-06-05 19:12:35,593 - root - WARNING - RuntimeError at batch 6: The expanded size of the tensor (8) must match the existing size (16) at non-singleton dimension 1.  Target sizes: [-1, 8, 512, -1].  Tensor sizes: [16, 1, 1]
2025-06-05 19:12:35,615 - root - WARNING - RuntimeError at batch 7: The expanded size of the tensor (8) must match the existing size (16) at non-singleton dimension 1.  Target sizes: [-1, 8, 512, -1].  Tensor sizes: [16, 1, 1]
2025-06-05 19:12:35,639 - root - WARNING - RuntimeError at batch 8: The expanded size of the tensor (8) must match the existing size (16) at non-singleton dimension 1.  Target sizes: [-1, 8, 512, -1].  Tensor sizes: [16, 1, 1]
2025-06-05 19:12:35,662 - root - WARNING - RuntimeError at batch 9: The expanded size of the tensor (8) must match the existing size (16) at non-singleton dimension 1.  Target sizes: [-1, 8, 512, -1].  Tensor sizes: [16, 1, 1]
2025-06-05 19:12:35,679 - root - WARNING - RuntimeError at batch 10: The expanded size of the tensor (8) must match the existing size (16) at non-singleton dimension 1.  Target sizes: [-1, 8, 512, -1].  Tensor sizes: [16, 1, 1]
2025-06-05 19:12:35,697 - root - WARNING - RuntimeError at batch 11: The expanded size of the tensor (8) must match the existing size (16) at non-singleton dimension 1.  Target sizes: [-1, 8, 512, -1].  Tensor sizes: [16, 1, 1]
2025-06-05 19:12:35,714 - root - WARNING - RuntimeError at batch 12: The expanded size of the tensor (8) must match the existing size (16) at non-singleton dimension 1.  Target sizes: [-1, 8, 512, -1].  Tensor sizes: [16, 1, 1]
2025-06-05 19:12:35,732 - root - WARNING - RuntimeError at batch 13: The expanded size of the tensor (8) must match the existing size (16) at non-singleton dimension 1.  Target sizes: [-1, 8, 512, -1].  Tensor sizes: [16, 1, 1]
2025-06-05 19:12:35,750 - root - WARNING - RuntimeError at batch 14: The expanded size of the tensor (8) must match the existing size (16) at non-singleton dimension 1.  Target sizes: [-1, 8, 512, -1].  Tensor sizes: [16, 1, 1]
2025-06-05 19:12:35,767 - root - WARNING - RuntimeError at batch 15: The expanded size of the tensor (8) must match the existing size (16) at non-singleton dimension 1.  Target sizes: [-1, 8, 512, -1].  Tensor sizes: [16, 1, 1]
2025-06-05 19:12:35,784 - root - WARNING - RuntimeError at batch 16: The expanded size of the tensor (8) must match the existing size (16) at non-singleton dimension 1.  Target sizes: [-1, 8, 512, -1].  Tensor sizes: [16, 1, 1]
2025-06-05 19:12:35,801 - root - WARNING - RuntimeError at batch 17: The expanded size of the tensor (8) must match the existing size (16) at non-singleton dimension 1.  Target sizes: [-1, 8, 512, -1].  Tensor sizes: [16, 1, 1]
2025-06-05 19:12:35,822 - root - WARNING - RuntimeError at batch 18: The expanded size of the tensor (8) must match the existing size (16) at non-singleton dimension 1.  Target sizes: [-1, 8, 512, -1].  Tensor sizes: [16, 1, 1]
2025-06-05 19:12:35,839 - root - WARNING - RuntimeError at batch 19: The expanded size of the tensor (8) must match the existing size (16) at non-singleton dimension 1.  Target sizes: [-1, 8, 512, -1].  Tensor sizes: [16, 1, 1]
2025-06-05 19:12:35,856 - root - WARNING - RuntimeError at batch 20: The expanded size of the tensor (8) must match the existing size (16) at non-singleton dimension 1.  Target sizes: [-1, 8, 512, -1].  Tensor sizes: [16, 1, 1]
2025-06-05 19:12:35,875 - root - WARNING - RuntimeError at batch 21: The expanded size of the tensor (8) must match the existing size (16) at non-singleton dimension 1.  Target sizes: [-1, 8, 512, -1].  Tensor sizes: [16, 1, 1]
2025-06-05 19:12:35,888 - root - WARNING - RuntimeError at batch 22: The expanded size of the tensor (8) must match the existing size (16) at non-singleton dimension 1.  Target sizes: [-1, 8, 512, -1].  Tensor sizes: [16, 1, 1]
2025-06-05 19:12:35,918 - root - WARNING - RuntimeError at batch 23: The expanded size of the tensor (8) must match the existing size (16) at non-singleton dimension 1.  Target sizes: [-1, 8, 512, -1].  Tensor sizes: [16, 1, 1]
2025-06-05 19:12:35,936 - root - WARNING - RuntimeError at batch 24: The expanded size of the tensor (8) must match the existing size (16) at non-singleton dimension 1.  Target sizes: [-1, 8, 512, -1].  Tensor sizes: [16, 1, 1]
2025-06-05 19:12:35,954 - root - WARNING - RuntimeError at batch 25: The expanded size of the tensor (8) must match the existing size (16) at non-singleton dimension 1.  Target sizes: [-1, 8, 512, -1].  Tensor sizes: [16, 1, 1]
2025-06-05 19:12:35,972 - root - WARNING - RuntimeError at batch 26: The expanded size of the tensor (8) must match the existing size (16) at non-singleton dimension 1.  Target sizes: [-1, 8, 512, -1].  Tensor sizes: [16, 1, 1]
2025-06-05 19:12:35,989 - root - WARNING - RuntimeError at batch 27: The expanded size of the tensor (8) must match the existing size (16) at non-singleton dimension 1.  Target sizes: [-1, 8, 512, -1].  Tensor sizes: [16, 1, 1]
2025-06-05 19:12:36,010 - root - WARNING - RuntimeError at batch 28: The expanded size of the tensor (8) must match the existing size (16) at non-singleton dimension 1.  Target sizes: [-1, 8, 512, -1].  Tensor sizes: [16, 1, 1]
2025-06-05 19:12:36,022 - root - WARNING - RuntimeError at batch 29: The expanded size of the tensor (8) must match the existing size (16) at non-singleton dimension 1.  Target sizes: [-1, 8, 512, -1].  Tensor sizes: [16, 1, 1]
2025-06-05 19:12:36,045 - root - WARNING - RuntimeError at batch 30: The expanded size of the tensor (8) must match the existing size (16) at non-singleton dimension 1.  Target sizes: [-1, 8, 512, -1].  Tensor sizes: [16, 1, 1]
2025-06-05 19:12:36,065 - root - WARNING - RuntimeError at batch 31: The expanded size of the tensor (8) must match the existing size (16) at non-singleton dimension 1.  Target sizes: [-1, 8, 512, -1].  Tensor sizes: [16, 1, 1]
2025-06-05 19:12:36,082 - root - WARNING - RuntimeError at batch 32: The expanded size of the tensor (8) must match the existing size (16) at non-singleton dimension 1.  Target sizes: [-1, 8, 512, -1].  Tensor sizes: [16, 1, 1]
2025-06-05 19:12:36,097 - root - WARNING - RuntimeError at batch 33: The expanded size of the tensor (8) must match the existing size (16) at non-singleton dimension 1.  Target sizes: [-1, 8, 512, -1].  Tensor sizes: [16, 1, 1]
2025-06-05 19:12:36,115 - root - WARNING - RuntimeError at batch 34: The expanded size of the tensor (8) must match the existing size (16) at non-singleton dimension 1.  Target sizes: [-1, 8, 512, -1].  Tensor sizes: [16, 1, 1]
2025-06-05 19:12:36,132 - root - WARNING - RuntimeError at batch 35: The expanded size of the tensor (8) must match the existing size (16) at non-singleton dimension 1.  Target sizes: [-1, 8, 512, -1].  Tensor sizes: [16, 1, 1]
2025-06-05 19:12:36,148 - root - WARNING - RuntimeError at batch 36: The expanded size of the tensor (8) must match the existing size (16) at non-singleton dimension 1.  Target sizes: [-1, 8, 512, -1].  Tensor sizes: [16, 1, 1]
2025-06-05 19:12:36,167 - root - WARNING - RuntimeError at batch 37: The expanded size of the tensor (8) must match the existing size (16) at non-singleton dimension 1.  Target sizes: [-1, 8, 512, -1].  Tensor sizes: [16, 1, 1]
2025-06-05 19:12:36,185 - root - WARNING - RuntimeError at batch 38: The expanded size of the tensor (8) must match the existing size (16) at non-singleton dimension 1.  Target sizes: [-1, 8, 512, -1].  Tensor sizes: [16, 1, 1]
2025-06-05 19:12:36,201 - root - WARNING - RuntimeError at batch 39: The expanded size of the tensor (8) must match the existing size (16) at non-singleton dimension 1.  Target sizes: [-1, 8, 512, -1].  Tensor sizes: [16, 1, 1]
2025-06-05 19:12:36,220 - root - WARNING - RuntimeError at batch 40: The expanded size of the tensor (8) must match the existing size (16) at non-singleton dimension 1.  Target sizes: [-1, 8, 512, -1].  Tensor sizes: [16, 1, 1]
2025-06-05 19:12:36,239 - root - WARNING - RuntimeError at batch 41: The expanded size of the tensor (8) must match the existing size (16) at non-singleton dimension 1.  Target sizes: [-1, 8, 512, -1].  Tensor sizes: [16, 1, 1]
2025-06-05 19:12:36,256 - root - WARNING - RuntimeError at batch 42: The expanded size of the tensor (8) must match the existing size (16) at non-singleton dimension 1.  Target sizes: [-1, 8, 512, -1].  Tensor sizes: [16, 1, 1]
2025-06-05 19:12:36,274 - root - WARNING - RuntimeError at batch 43: The expanded size of the tensor (8) must match the existing size (16) at non-singleton dimension 1.  Target sizes: [-1, 8, 512, -1].  Tensor sizes: [16, 1, 1]
2025-06-05 19:12:36,296 - root - WARNING - RuntimeError at batch 44: The expanded size of the tensor (8) must match the existing size (16) at non-singleton dimension 1.  Target sizes: [-1, 8, 512, -1].  Tensor sizes: [16, 1, 1]
2025-06-05 19:12:36,316 - root - WARNING - RuntimeError at batch 45: The expanded size of the tensor (8) must match the existing size (16) at non-singleton dimension 1.  Target sizes: [-1, 8, 512, -1].  Tensor sizes: [16, 1, 1]
2025-06-05 19:12:36,333 - root - WARNING - RuntimeError at batch 46: The expanded size of the tensor (8) must match the existing size (16) at non-singleton dimension 1.  Target sizes: [-1, 8, 512, -1].  Tensor sizes: [16, 1, 1]
2025-06-05 19:12:36,356 - root - WARNING - RuntimeError at batch 47: The expanded size of the tensor (8) must match the existing size (16) at non-singleton dimension 1.  Target sizes: [-1, 8, 512, -1].  Tensor sizes: [16, 1, 1]
2025-06-05 19:12:36,376 - root - WARNING - RuntimeError at batch 48: The expanded size of the tensor (8) must match the existing size (16) at non-singleton dimension 1.  Target sizes: [-1, 8, 512, -1].  Tensor sizes: [16, 1, 1]
2025-06-05 19:12:36,391 - root - WARNING - RuntimeError at batch 49: The expanded size of the tensor (8) must match the existing size (16) at non-singleton dimension 1.  Target sizes: [-1, 8, 512, -1].  Tensor sizes: [16, 1, 1]
2025-06-05 19:12:36,410 - root - WARNING - RuntimeError at batch 50: The expanded size of the tensor (8) must match the existing size (16) at non-singleton dimension 1.  Target sizes: [-1, 8, 512, -1].  Tensor sizes: [16, 1, 1]
2025-06-05 19:12:36,431 - root - WARNING - RuntimeError at batch 51: The expanded size of the tensor (8) must match the existing size (16) at non-singleton dimension 1.  Target sizes: [-1, 8, 512, -1].  Tensor sizes: [16, 1, 1]
2025-06-05 19:12:36,453 - root - WARNING - RuntimeError at batch 52: The expanded size of the tensor (8) must match the existing size (16) at non-singleton dimension 1.  Target sizes: [-1, 8, 512, -1].  Tensor sizes: [16, 1, 1]
2025-06-05 19:12:36,471 - root - WARNING - RuntimeError at batch 53: The expanded size of the tensor (8) must match the existing size (16) at non-singleton dimension 1.  Target sizes: [-1, 8, 512, -1].  Tensor sizes: [16, 1, 1]
2025-06-05 19:12:36,487 - root - WARNING - RuntimeError at batch 54: The expanded size of the tensor (8) must match the existing size (16) at non-singleton dimension 1.  Target sizes: [-1, 8, 512, -1].  Tensor sizes: [16, 1, 1]
2025-06-05 19:12:36,508 - root - WARNING - RuntimeError at batch 55: The expanded size of the tensor (8) must match the existing size (16) at non-singleton dimension 1.  Target sizes: [-1, 8, 512, -1].  Tensor sizes: [16, 1, 1]
2025-06-05 19:12:36,519 - root - WARNING - RuntimeError at batch 56: The expanded size of the tensor (8) must match the existing size (16) at non-singleton dimension 1.  Target sizes: [-1, 8, 512, -1].  Tensor sizes: [16, 1, 1]
2025-06-05 19:12:36,542 - root - WARNING - RuntimeError at batch 57: The expanded size of the tensor (8) must match the existing size (16) at non-singleton dimension 1.  Target sizes: [-1, 8, 512, -1].  Tensor sizes: [16, 1, 1]
2025-06-05 19:12:36,562 - root - WARNING - RuntimeError at batch 58: The expanded size of the tensor (8) must match the existing size (16) at non-singleton dimension 1.  Target sizes: [-1, 8, 512, -1].  Tensor sizes: [16, 1, 1]
2025-06-05 19:12:36,580 - root - WARNING - RuntimeError at batch 59: The expanded size of the tensor (8) must match the existing size (16) at non-singleton dimension 1.  Target sizes: [-1, 8, 512, -1].  Tensor sizes: [16, 1, 1]
2025-06-05 19:12:36,596 - root - WARNING - RuntimeError at batch 60: The expanded size of the tensor (8) must match the existing size (16) at non-singleton dimension 1.  Target sizes: [-1, 8, 512, -1].  Tensor sizes: [16, 1, 1]
2025-06-05 19:12:36,612 - root - WARNING - RuntimeError at batch 61: The expanded size of the tensor (8) must match the existing size (16) at non-singleton dimension 1.  Target sizes: [-1, 8, 512, -1].  Tensor sizes: [16, 1, 1]
2025-06-05 19:12:36,632 - root - WARNING - RuntimeError at batch 62: The expanded size of the tensor (8) must match the existing size (16) at non-singleton dimension 1.  Target sizes: [-1, 8, 512, -1].  Tensor sizes: [16, 1, 1]
2025-06-05 19:12:36,648 - root - WARNING - RuntimeError at batch 63: The expanded size of the tensor (8) must match the existing size (16) at non-singleton dimension 1.  Target sizes: [-1, 8, 512, -1].  Tensor sizes: [16, 1, 1]
2025-06-05 19:12:36,669 - root - WARNING - RuntimeError at batch 64: The expanded size of the tensor (8) must match the existing size (16) at non-singleton dimension 1.  Target sizes: [-1, 8, 512, -1].  Tensor sizes: [16, 1, 1]
2025-06-05 19:12:36,689 - root - WARNING - RuntimeError at batch 65: The expanded size of the tensor (8) must match the existing size (16) at non-singleton dimension 1.  Target sizes: [-1, 8, 512, -1].  Tensor sizes: [16, 1, 1]
2025-06-05 19:12:36,700 - root - WARNING - RuntimeError at batch 66: The expanded size of the tensor (8) must match the existing size (16) at non-singleton dimension 1.  Target sizes: [-1, 8, 512, -1].  Tensor sizes: [16, 1, 1]
2025-06-05 19:12:36,722 - root - WARNING - RuntimeError at batch 67: The expanded size of the tensor (8) must match the existing size (16) at non-singleton dimension 1.  Target sizes: [-1, 8, 512, -1].  Tensor sizes: [16, 1, 1]
2025-06-05 19:12:36,741 - root - WARNING - RuntimeError at batch 68: The expanded size of the tensor (8) must match the existing size (16) at non-singleton dimension 1.  Target sizes: [-1, 8, 512, -1].  Tensor sizes: [16, 1, 1]
2025-06-05 19:12:36,759 - root - WARNING - RuntimeError at batch 69: The expanded size of the tensor (8) must match the existing size (16) at non-singleton dimension 1.  Target sizes: [-1, 8, 512, -1].  Tensor sizes: [16, 1, 1]
2025-06-05 19:12:36,776 - root - WARNING - RuntimeError at batch 70: The expanded size of the tensor (8) must match the existing size (16) at non-singleton dimension 1.  Target sizes: [-1, 8, 512, -1].  Tensor sizes: [16, 1, 1]
2025-06-05 19:12:36,794 - root - WARNING - RuntimeError at batch 71: The expanded size of the tensor (8) must match the existing size (16) at non-singleton dimension 1.  Target sizes: [-1, 8, 512, -1].  Tensor sizes: [16, 1, 1]
2025-06-05 19:12:36,813 - root - WARNING - RuntimeError at batch 72: The expanded size of the tensor (8) must match the existing size (16) at non-singleton dimension 1.  Target sizes: [-1, 8, 512, -1].  Tensor sizes: [16, 1, 1]
2025-06-05 19:12:36,830 - root - WARNING - RuntimeError at batch 73: The expanded size of the tensor (8) must match the existing size (16) at non-singleton dimension 1.  Target sizes: [-1, 8, 512, -1].  Tensor sizes: [16, 1, 1]
2025-06-05 19:12:36,848 - root - WARNING - RuntimeError at batch 74: The expanded size of the tensor (8) must match the existing size (16) at non-singleton dimension 1.  Target sizes: [-1, 8, 512, -1].  Tensor sizes: [16, 1, 1]
2025-06-05 19:12:36,865 - root - WARNING - RuntimeError at batch 75: The expanded size of the tensor (8) must match the existing size (16) at non-singleton dimension 1.  Target sizes: [-1, 8, 512, -1].  Tensor sizes: [16, 1, 1]
2025-06-05 19:12:36,883 - root - WARNING - RuntimeError at batch 76: The expanded size of the tensor (8) must match the existing size (16) at non-singleton dimension 1.  Target sizes: [-1, 8, 512, -1].  Tensor sizes: [16, 1, 1]
2025-06-05 19:12:36,903 - root - WARNING - RuntimeError at batch 77: The expanded size of the tensor (8) must match the existing size (16) at non-singleton dimension 1.  Target sizes: [-1, 8, 512, -1].  Tensor sizes: [16, 1, 1]
2025-06-05 19:12:36,921 - root - WARNING - RuntimeError at batch 78: The expanded size of the tensor (8) must match the existing size (16) at non-singleton dimension 1.  Target sizes: [-1, 8, 512, -1].  Tensor sizes: [16, 1, 1]
2025-06-05 19:12:36,941 - root - WARNING - RuntimeError at batch 79: The expanded size of the tensor (8) must match the existing size (16) at non-singleton dimension 1.  Target sizes: [-1, 8, 512, -1].  Tensor sizes: [16, 1, 1]
2025-06-05 19:12:36,960 - root - WARNING - RuntimeError at batch 80: The expanded size of the tensor (8) must match the existing size (16) at non-singleton dimension 1.  Target sizes: [-1, 8, 512, -1].  Tensor sizes: [16, 1, 1]
2025-06-05 19:12:36,975 - root - WARNING - RuntimeError at batch 81: The expanded size of the tensor (8) must match the existing size (16) at non-singleton dimension 1.  Target sizes: [-1, 8, 512, -1].  Tensor sizes: [16, 1, 1]
2025-06-05 19:12:36,993 - root - WARNING - RuntimeError at batch 82: The expanded size of the tensor (8) must match the existing size (16) at non-singleton dimension 1.  Target sizes: [-1, 8, 512, -1].  Tensor sizes: [16, 1, 1]
2025-06-05 19:12:37,009 - root - WARNING - RuntimeError at batch 83: The expanded size of the tensor (8) must match the existing size (16) at non-singleton dimension 1.  Target sizes: [-1, 8, 512, -1].  Tensor sizes: [16, 1, 1]
2025-06-05 19:12:37,027 - root - WARNING - RuntimeError at batch 84: The expanded size of the tensor (8) must match the existing size (16) at non-singleton dimension 1.  Target sizes: [-1, 8, 512, -1].  Tensor sizes: [16, 1, 1]
2025-06-05 19:12:37,049 - root - WARNING - RuntimeError at batch 85: The expanded size of the tensor (8) must match the existing size (16) at non-singleton dimension 1.  Target sizes: [-1, 8, 512, -1].  Tensor sizes: [16, 1, 1]
2025-06-05 19:12:37,069 - root - WARNING - RuntimeError at batch 86: The expanded size of the tensor (8) must match the existing size (16) at non-singleton dimension 1.  Target sizes: [-1, 8, 512, -1].  Tensor sizes: [16, 1, 1]
2025-06-05 19:12:37,086 - root - WARNING - RuntimeError at batch 87: The expanded size of the tensor (8) must match the existing size (16) at non-singleton dimension 1.  Target sizes: [-1, 8, 512, -1].  Tensor sizes: [16, 1, 1]
2025-06-05 19:12:37,104 - root - WARNING - RuntimeError at batch 88: The expanded size of the tensor (8) must match the existing size (16) at non-singleton dimension 1.  Target sizes: [-1, 8, 512, -1].  Tensor sizes: [16, 1, 1]
2025-06-05 19:12:37,125 - root - WARNING - RuntimeError at batch 89: The expanded size of the tensor (8) must match the existing size (16) at non-singleton dimension 1.  Target sizes: [-1, 8, 512, -1].  Tensor sizes: [16, 1, 1]
2025-06-05 19:12:37,151 - root - WARNING - RuntimeError at batch 90: The expanded size of the tensor (8) must match the existing size (16) at non-singleton dimension 1.  Target sizes: [-1, 8, 512, -1].  Tensor sizes: [16, 1, 1]
2025-06-05 19:12:37,166 - root - WARNING - RuntimeError at batch 91: The expanded size of the tensor (8) must match the existing size (16) at non-singleton dimension 1.  Target sizes: [-1, 8, 512, -1].  Tensor sizes: [16, 1, 1]
2025-06-05 19:12:37,182 - root - WARNING - RuntimeError at batch 92: The expanded size of the tensor (8) must match the existing size (16) at non-singleton dimension 1.  Target sizes: [-1, 8, 512, -1].  Tensor sizes: [16, 1, 1]
2025-06-05 19:12:37,202 - root - WARNING - RuntimeError at batch 93: The expanded size of the tensor (8) must match the existing size (16) at non-singleton dimension 1.  Target sizes: [-1, 8, 512, -1].  Tensor sizes: [16, 1, 1]
2025-06-05 19:12:37,221 - root - WARNING - RuntimeError at batch 94: The expanded size of the tensor (8) must match the existing size (16) at non-singleton dimension 1.  Target sizes: [-1, 8, 512, -1].  Tensor sizes: [16, 1, 1]
2025-06-05 19:12:37,237 - root - WARNING - RuntimeError at batch 95: The expanded size of the tensor (8) must match the existing size (16) at non-singleton dimension 1.  Target sizes: [-1, 8, 512, -1].  Tensor sizes: [16, 1, 1]
2025-06-05 19:12:37,256 - root - WARNING - RuntimeError at batch 96: The expanded size of the tensor (8) must match the existing size (16) at non-singleton dimension 1.  Target sizes: [-1, 8, 512, -1].  Tensor sizes: [16, 1, 1]
2025-06-05 19:12:37,275 - root - WARNING - RuntimeError at batch 97: The expanded size of the tensor (8) must match the existing size (16) at non-singleton dimension 1.  Target sizes: [-1, 8, 512, -1].  Tensor sizes: [16, 1, 1]
2025-06-05 19:12:37,292 - root - WARNING - RuntimeError at batch 98: The expanded size of the tensor (8) must match the existing size (16) at non-singleton dimension 1.  Target sizes: [-1, 8, 512, -1].  Tensor sizes: [16, 1, 1]
2025-06-05 19:12:37,308 - root - WARNING - RuntimeError at batch 99: The expanded size of the tensor (8) must match the existing size (16) at non-singleton dimension 1.  Target sizes: [-1, 8, 512, -1].  Tensor sizes: [16, 1, 1]
2025-06-05 19:12:37,326 - root - WARNING - RuntimeError at batch 100: The expanded size of the tensor (8) must match the existing size (16) at non-singleton dimension 1.  Target sizes: [-1, 8, 512, -1].  Tensor sizes: [16, 1, 1]
2025-06-05 19:12:37,347 - root - WARNING - RuntimeError at batch 101: The expanded size of the tensor (8) must match the existing size (16) at non-singleton dimension 1.  Target sizes: [-1, 8, 512, -1].  Tensor sizes: [16, 1, 1]
2025-06-05 19:12:37,365 - root - WARNING - RuntimeError at batch 102: The expanded size of the tensor (8) must match the existing size (16) at non-singleton dimension 1.  Target sizes: [-1, 8, 512, -1].  Tensor sizes: [16, 1, 1]
2025-06-05 19:12:37,381 - root - WARNING - RuntimeError at batch 103: The expanded size of the tensor (8) must match the existing size (16) at non-singleton dimension 1.  Target sizes: [-1, 8, 512, -1].  Tensor sizes: [16, 1, 1]
2025-06-05 19:12:37,400 - root - WARNING - RuntimeError at batch 104: The expanded size of the tensor (8) must match the existing size (16) at non-singleton dimension 1.  Target sizes: [-1, 8, 512, -1].  Tensor sizes: [16, 1, 1]
2025-06-05 19:12:37,417 - root - WARNING - RuntimeError at batch 105: The expanded size of the tensor (8) must match the existing size (16) at non-singleton dimension 1.  Target sizes: [-1, 8, 512, -1].  Tensor sizes: [16, 1, 1]
2025-06-05 19:12:37,434 - root - WARNING - RuntimeError at batch 106: The expanded size of the tensor (8) must match the existing size (16) at non-singleton dimension 1.  Target sizes: [-1, 8, 512, -1].  Tensor sizes: [16, 1, 1]
2025-06-05 19:12:37,452 - root - WARNING - RuntimeError at batch 107: The expanded size of the tensor (8) must match the existing size (16) at non-singleton dimension 1.  Target sizes: [-1, 8, 512, -1].  Tensor sizes: [16, 1, 1]
2025-06-05 19:12:37,470 - root - WARNING - RuntimeError at batch 108: The expanded size of the tensor (8) must match the existing size (16) at non-singleton dimension 1.  Target sizes: [-1, 8, 512, -1].  Tensor sizes: [16, 1, 1]
2025-06-05 19:12:37,489 - root - WARNING - RuntimeError at batch 109: The expanded size of the tensor (8) must match the existing size (16) at non-singleton dimension 1.  Target sizes: [-1, 8, 512, -1].  Tensor sizes: [16, 1, 1]
2025-06-05 19:12:37,506 - root - WARNING - RuntimeError at batch 110: The expanded size of the tensor (8) must match the existing size (16) at non-singleton dimension 1.  Target sizes: [-1, 8, 512, -1].  Tensor sizes: [16, 1, 1]
2025-06-05 19:12:37,521 - root - WARNING - RuntimeError at batch 111: The expanded size of the tensor (8) must match the existing size (16) at non-singleton dimension 1.  Target sizes: [-1, 8, 512, -1].  Tensor sizes: [16, 1, 1]
2025-06-05 19:12:37,541 - root - WARNING - RuntimeError at batch 112: The expanded size of the tensor (8) must match the existing size (16) at non-singleton dimension 1.  Target sizes: [-1, 8, 512, -1].  Tensor sizes: [16, 1, 1]
2025-06-05 19:12:37,561 - root - WARNING - RuntimeError at batch 113: The expanded size of the tensor (8) must match the existing size (16) at non-singleton dimension 1.  Target sizes: [-1, 8, 512, -1].  Tensor sizes: [16, 1, 1]
2025-06-05 19:12:37,578 - root - WARNING - RuntimeError at batch 114: The expanded size of the tensor (8) must match the existing size (16) at non-singleton dimension 1.  Target sizes: [-1, 8, 512, -1].  Tensor sizes: [16, 1, 1]
2025-06-05 19:12:37,594 - root - WARNING - RuntimeError at batch 115: The expanded size of the tensor (8) must match the existing size (16) at non-singleton dimension 1.  Target sizes: [-1, 8, 512, -1].  Tensor sizes: [16, 1, 1]
2025-06-05 19:12:37,613 - root - WARNING - RuntimeError at batch 116: The expanded size of the tensor (8) must match the existing size (16) at non-singleton dimension 1.  Target sizes: [-1, 8, 512, -1].  Tensor sizes: [16, 1, 1]
2025-06-05 19:12:37,632 - root - WARNING - RuntimeError at batch 117: The expanded size of the tensor (8) must match the existing size (16) at non-singleton dimension 1.  Target sizes: [-1, 8, 512, -1].  Tensor sizes: [16, 1, 1]
2025-06-05 19:12:37,657 - root - WARNING - RuntimeError at batch 118: The expanded size of the tensor (8) must match the existing size (16) at non-singleton dimension 1.  Target sizes: [-1, 8, 512, -1].  Tensor sizes: [16, 1, 1]
2025-06-05 19:12:37,675 - root - WARNING - RuntimeError at batch 119: The expanded size of the tensor (8) must match the existing size (16) at non-singleton dimension 1.  Target sizes: [-1, 8, 512, -1].  Tensor sizes: [16, 1, 1]
2025-06-05 19:12:37,692 - root - WARNING - RuntimeError at batch 120: The expanded size of the tensor (8) must match the existing size (16) at non-singleton dimension 1.  Target sizes: [-1, 8, 512, -1].  Tensor sizes: [16, 1, 1]
2025-06-05 19:12:37,710 - root - WARNING - RuntimeError at batch 121: The expanded size of the tensor (8) must match the existing size (16) at non-singleton dimension 1.  Target sizes: [-1, 8, 512, -1].  Tensor sizes: [16, 1, 1]
2025-06-05 19:12:37,732 - root - WARNING - RuntimeError at batch 122: The expanded size of the tensor (8) must match the existing size (16) at non-singleton dimension 1.  Target sizes: [-1, 8, 512, -1].  Tensor sizes: [16, 1, 1]
2025-06-05 19:12:37,749 - root - WARNING - RuntimeError at batch 123: The expanded size of the tensor (8) must match the existing size (16) at non-singleton dimension 1.  Target sizes: [-1, 8, 512, -1].  Tensor sizes: [16, 1, 1]
2025-06-05 19:12:37,767 - root - WARNING - RuntimeError at batch 124: The expanded size of the tensor (8) must match the existing size (16) at non-singleton dimension 1.  Target sizes: [-1, 8, 512, -1].  Tensor sizes: [16, 1, 1]
2025-06-05 19:12:37,784 - root - WARNING - RuntimeError at batch 125: The expanded size of the tensor (8) must match the existing size (16) at non-singleton dimension 1.  Target sizes: [-1, 8, 512, -1].  Tensor sizes: [16, 1, 1]
2025-06-05 19:12:37,806 - root - WARNING - RuntimeError at batch 126: The expanded size of the tensor (8) must match the existing size (16) at non-singleton dimension 1.  Target sizes: [-1, 8, 512, -1].  Tensor sizes: [16, 1, 1]
2025-06-05 19:12:37,824 - root - WARNING - RuntimeError at batch 127: The expanded size of the tensor (8) must match the existing size (16) at non-singleton dimension 1.  Target sizes: [-1, 8, 512, -1].  Tensor sizes: [16, 1, 1]
2025-06-05 19:12:37,843 - root - WARNING - RuntimeError at batch 128: The expanded size of the tensor (8) must match the existing size (16) at non-singleton dimension 1.  Target sizes: [-1, 8, 512, -1].  Tensor sizes: [16, 1, 1]
2025-06-05 19:12:37,861 - root - WARNING - RuntimeError at batch 129: The expanded size of the tensor (8) must match the existing size (16) at non-singleton dimension 1.  Target sizes: [-1, 8, 512, -1].  Tensor sizes: [16, 1, 1]
2025-06-05 19:12:37,884 - root - WARNING - RuntimeError at batch 130: The expanded size of the tensor (8) must match the existing size (16) at non-singleton dimension 1.  Target sizes: [-1, 8, 512, -1].  Tensor sizes: [16, 1, 1]
2025-06-05 19:12:37,902 - root - WARNING - RuntimeError at batch 131: The expanded size of the tensor (8) must match the existing size (16) at non-singleton dimension 1.  Target sizes: [-1, 8, 512, -1].  Tensor sizes: [16, 1, 1]
2025-06-05 19:12:37,919 - root - WARNING - RuntimeError at batch 132: The expanded size of the tensor (8) must match the existing size (16) at non-singleton dimension 1.  Target sizes: [-1, 8, 512, -1].  Tensor sizes: [16, 1, 1]
2025-06-05 19:12:37,938 - root - WARNING - RuntimeError at batch 133: The expanded size of the tensor (8) must match the existing size (16) at non-singleton dimension 1.  Target sizes: [-1, 8, 512, -1].  Tensor sizes: [16, 1, 1]
2025-06-05 19:12:37,960 - root - WARNING - RuntimeError at batch 134: The expanded size of the tensor (8) must match the existing size (16) at non-singleton dimension 1.  Target sizes: [-1, 8, 512, -1].  Tensor sizes: [16, 1, 1]
2025-06-05 19:12:37,976 - root - WARNING - RuntimeError at batch 135: The expanded size of the tensor (8) must match the existing size (16) at non-singleton dimension 1.  Target sizes: [-1, 8, 512, -1].  Tensor sizes: [16, 1, 1]
2025-06-05 19:12:37,993 - root - WARNING - RuntimeError at batch 136: The expanded size of the tensor (8) must match the existing size (16) at non-singleton dimension 1.  Target sizes: [-1, 8, 512, -1].  Tensor sizes: [16, 1, 1]
2025-06-05 19:12:38,014 - root - WARNING - RuntimeError at batch 137: The expanded size of the tensor (8) must match the existing size (16) at non-singleton dimension 1.  Target sizes: [-1, 8, 512, -1].  Tensor sizes: [16, 1, 1]
2025-06-05 19:12:38,037 - root - WARNING - RuntimeError at batch 138: The expanded size of the tensor (8) must match the existing size (16) at non-singleton dimension 1.  Target sizes: [-1, 8, 512, -1].  Tensor sizes: [16, 1, 1]
2025-06-05 19:12:38,060 - root - WARNING - RuntimeError at batch 139: The expanded size of the tensor (8) must match the existing size (16) at non-singleton dimension 1.  Target sizes: [-1, 8, 512, -1].  Tensor sizes: [16, 1, 1]
2025-06-05 19:12:38,077 - root - WARNING - RuntimeError at batch 140: The expanded size of the tensor (8) must match the existing size (16) at non-singleton dimension 1.  Target sizes: [-1, 8, 512, -1].  Tensor sizes: [16, 1, 1]
2025-06-05 19:12:38,095 - root - WARNING - RuntimeError at batch 141: The expanded size of the tensor (8) must match the existing size (16) at non-singleton dimension 1.  Target sizes: [-1, 8, 512, -1].  Tensor sizes: [16, 1, 1]
2025-06-05 19:12:38,113 - root - WARNING - RuntimeError at batch 142: The expanded size of the tensor (8) must match the existing size (16) at non-singleton dimension 1.  Target sizes: [-1, 8, 512, -1].  Tensor sizes: [16, 1, 1]
2025-06-05 19:12:38,133 - root - WARNING - RuntimeError at batch 143: The expanded size of the tensor (8) must match the existing size (16) at non-singleton dimension 1.  Target sizes: [-1, 8, 512, -1].  Tensor sizes: [16, 1, 1]
2025-06-05 19:12:38,150 - root - WARNING - RuntimeError at batch 144: The expanded size of the tensor (8) must match the existing size (16) at non-singleton dimension 1.  Target sizes: [-1, 8, 512, -1].  Tensor sizes: [16, 1, 1]
2025-06-05 19:12:38,173 - root - WARNING - RuntimeError at batch 145: The expanded size of the tensor (8) must match the existing size (16) at non-singleton dimension 1.  Target sizes: [-1, 8, 512, -1].  Tensor sizes: [16, 1, 1]
2025-06-05 19:12:38,189 - root - WARNING - RuntimeError at batch 146: The expanded size of the tensor (8) must match the existing size (16) at non-singleton dimension 1.  Target sizes: [-1, 8, 512, -1].  Tensor sizes: [16, 1, 1]
2025-06-05 19:12:38,209 - root - WARNING - RuntimeError at batch 147: The expanded size of the tensor (8) must match the existing size (16) at non-singleton dimension 1.  Target sizes: [-1, 8, 512, -1].  Tensor sizes: [16, 1, 1]
2025-06-05 19:12:38,229 - root - WARNING - RuntimeError at batch 148: The expanded size of the tensor (8) must match the existing size (16) at non-singleton dimension 1.  Target sizes: [-1, 8, 512, -1].  Tensor sizes: [16, 1, 1]
2025-06-05 19:12:38,247 - root - WARNING - RuntimeError at batch 149: The expanded size of the tensor (8) must match the existing size (16) at non-singleton dimension 1.  Target sizes: [-1, 8, 512, -1].  Tensor sizes: [16, 1, 1]
2025-06-05 19:12:38,267 - root - WARNING - RuntimeError at batch 150: The expanded size of the tensor (8) must match the existing size (16) at non-singleton dimension 1.  Target sizes: [-1, 8, 512, -1].  Tensor sizes: [16, 1, 1]
2025-06-05 19:12:38,284 - root - WARNING - RuntimeError at batch 151: The expanded size of the tensor (8) must match the existing size (16) at non-singleton dimension 1.  Target sizes: [-1, 8, 512, -1].  Tensor sizes: [16, 1, 1]
2025-06-05 19:12:38,304 - root - WARNING - RuntimeError at batch 152: The expanded size of the tensor (8) must match the existing size (16) at non-singleton dimension 1.  Target sizes: [-1, 8, 512, -1].  Tensor sizes: [16, 1, 1]
2025-06-05 19:12:38,322 - root - WARNING - RuntimeError at batch 153: The expanded size of the tensor (8) must match the existing size (16) at non-singleton dimension 1.  Target sizes: [-1, 8, 512, -1].  Tensor sizes: [16, 1, 1]
2025-06-05 19:12:38,338 - root - WARNING - RuntimeError at batch 154: The expanded size of the tensor (8) must match the existing size (16) at non-singleton dimension 1.  Target sizes: [-1, 8, 512, -1].  Tensor sizes: [16, 1, 1]
2025-06-05 19:12:38,360 - root - WARNING - RuntimeError at batch 155: The expanded size of the tensor (8) must match the existing size (16) at non-singleton dimension 1.  Target sizes: [-1, 8, 512, -1].  Tensor sizes: [16, 1, 1]
2025-06-05 19:12:38,378 - root - WARNING - RuntimeError at batch 156: The expanded size of the tensor (8) must match the existing size (16) at non-singleton dimension 1.  Target sizes: [-1, 8, 512, -1].  Tensor sizes: [16, 1, 1]
2025-06-05 19:12:38,396 - root - WARNING - RuntimeError at batch 157: The expanded size of the tensor (8) must match the existing size (16) at non-singleton dimension 1.  Target sizes: [-1, 8, 512, -1].  Tensor sizes: [16, 1, 1]
2025-06-05 19:12:38,415 - root - WARNING - RuntimeError at batch 158: The expanded size of the tensor (8) must match the existing size (16) at non-singleton dimension 1.  Target sizes: [-1, 8, 512, -1].  Tensor sizes: [16, 1, 1]
2025-06-05 19:12:38,433 - root - WARNING - RuntimeError at batch 159: The expanded size of the tensor (8) must match the existing size (16) at non-singleton dimension 1.  Target sizes: [-1, 8, 512, -1].  Tensor sizes: [16, 1, 1]
2025-06-05 19:12:38,449 - root - WARNING - RuntimeError at batch 160: The expanded size of the tensor (8) must match the existing size (16) at non-singleton dimension 1.  Target sizes: [-1, 8, 512, -1].  Tensor sizes: [16, 1, 1]
2025-06-05 19:12:38,466 - root - WARNING - RuntimeError at batch 161: The expanded size of the tensor (8) must match the existing size (16) at non-singleton dimension 1.  Target sizes: [-1, 8, 512, -1].  Tensor sizes: [16, 1, 1]
2025-06-05 19:12:38,488 - root - WARNING - RuntimeError at batch 162: The expanded size of the tensor (8) must match the existing size (16) at non-singleton dimension 1.  Target sizes: [-1, 8, 512, -1].  Tensor sizes: [16, 1, 1]
2025-06-05 19:12:38,501 - root - WARNING - RuntimeError at batch 163: The expanded size of the tensor (8) must match the existing size (16) at non-singleton dimension 1.  Target sizes: [-1, 8, 512, -1].  Tensor sizes: [16, 1, 1]
2025-06-05 19:12:38,523 - root - WARNING - RuntimeError at batch 164: The expanded size of the tensor (8) must match the existing size (16) at non-singleton dimension 1.  Target sizes: [-1, 8, 512, -1].  Tensor sizes: [16, 1, 1]
2025-06-05 19:12:38,541 - root - WARNING - RuntimeError at batch 165: The expanded size of the tensor (8) must match the existing size (16) at non-singleton dimension 1.  Target sizes: [-1, 8, 512, -1].  Tensor sizes: [16, 1, 1]
2025-06-05 19:12:38,558 - root - WARNING - RuntimeError at batch 166: The expanded size of the tensor (8) must match the existing size (16) at non-singleton dimension 1.  Target sizes: [-1, 8, 512, -1].  Tensor sizes: [16, 1, 1]
2025-06-05 19:12:38,576 - root - WARNING - RuntimeError at batch 167: The expanded size of the tensor (8) must match the existing size (16) at non-singleton dimension 1.  Target sizes: [-1, 8, 512, -1].  Tensor sizes: [16, 1, 1]
2025-06-05 19:12:38,591 - root - WARNING - RuntimeError at batch 168: The expanded size of the tensor (8) must match the existing size (16) at non-singleton dimension 1.  Target sizes: [-1, 8, 512, -1].  Tensor sizes: [16, 1, 1]
2025-06-05 19:12:38,610 - root - WARNING - RuntimeError at batch 169: The expanded size of the tensor (8) must match the existing size (16) at non-singleton dimension 1.  Target sizes: [-1, 8, 512, -1].  Tensor sizes: [16, 1, 1]
2025-06-05 19:12:38,628 - root - WARNING - RuntimeError at batch 170: The expanded size of the tensor (8) must match the existing size (16) at non-singleton dimension 1.  Target sizes: [-1, 8, 512, -1].  Tensor sizes: [16, 1, 1]
2025-06-05 19:12:38,644 - root - WARNING - RuntimeError at batch 171: The expanded size of the tensor (8) must match the existing size (16) at non-singleton dimension 1.  Target sizes: [-1, 8, 512, -1].  Tensor sizes: [16, 1, 1]
2025-06-05 19:12:38,663 - root - WARNING - RuntimeError at batch 172: The expanded size of the tensor (8) must match the existing size (16) at non-singleton dimension 1.  Target sizes: [-1, 8, 512, -1].  Tensor sizes: [16, 1, 1]
2025-06-05 19:12:38,673 - root - WARNING - RuntimeError at batch 173: The expanded size of the tensor (8) must match the existing size (16) at non-singleton dimension 1.  Target sizes: [-1, 8, 512, -1].  Tensor sizes: [16, 1, 1]
2025-06-05 19:12:38,697 - root - WARNING - RuntimeError at batch 174: The expanded size of the tensor (8) must match the existing size (16) at non-singleton dimension 1.  Target sizes: [-1, 8, 512, -1].  Tensor sizes: [16, 1, 1]
2025-06-05 19:12:38,717 - root - WARNING - RuntimeError at batch 175: The expanded size of the tensor (8) must match the existing size (16) at non-singleton dimension 1.  Target sizes: [-1, 8, 512, -1].  Tensor sizes: [16, 1, 1]
2025-06-05 19:12:38,734 - root - WARNING - RuntimeError at batch 176: The expanded size of the tensor (8) must match the existing size (16) at non-singleton dimension 1.  Target sizes: [-1, 8, 512, -1].  Tensor sizes: [16, 1, 1]
2025-06-05 19:12:38,756 - root - WARNING - RuntimeError at batch 177: The expanded size of the tensor (8) must match the existing size (16) at non-singleton dimension 1.  Target sizes: [-1, 8, 512, -1].  Tensor sizes: [16, 1, 1]
2025-06-05 19:12:38,777 - root - WARNING - RuntimeError at batch 178: The expanded size of the tensor (8) must match the existing size (16) at non-singleton dimension 1.  Target sizes: [-1, 8, 512, -1].  Tensor sizes: [16, 1, 1]
2025-06-05 19:12:38,795 - root - WARNING - RuntimeError at batch 179: The expanded size of the tensor (8) must match the existing size (16) at non-singleton dimension 1.  Target sizes: [-1, 8, 512, -1].  Tensor sizes: [16, 1, 1]
2025-06-05 19:12:38,813 - root - WARNING - RuntimeError at batch 180: The expanded size of the tensor (8) must match the existing size (16) at non-singleton dimension 1.  Target sizes: [-1, 8, 512, -1].  Tensor sizes: [16, 1, 1]
2025-06-05 19:12:38,839 - root - WARNING - RuntimeError at batch 181: The expanded size of the tensor (8) must match the existing size (16) at non-singleton dimension 1.  Target sizes: [-1, 8, 512, -1].  Tensor sizes: [16, 1, 1]
2025-06-05 19:12:38,854 - root - WARNING - RuntimeError at batch 182: The expanded size of the tensor (8) must match the existing size (16) at non-singleton dimension 1.  Target sizes: [-1, 8, 512, -1].  Tensor sizes: [16, 1, 1]
2025-06-05 19:12:38,878 - root - WARNING - RuntimeError at batch 183: The expanded size of the tensor (8) must match the existing size (16) at non-singleton dimension 1.  Target sizes: [-1, 8, 512, -1].  Tensor sizes: [16, 1, 1]
2025-06-05 19:12:38,901 - root - WARNING - RuntimeError at batch 184: The expanded size of the tensor (8) must match the existing size (16) at non-singleton dimension 1.  Target sizes: [-1, 8, 512, -1].  Tensor sizes: [16, 1, 1]
2025-06-05 19:12:38,917 - root - WARNING - RuntimeError at batch 185: The expanded size of the tensor (8) must match the existing size (16) at non-singleton dimension 1.  Target sizes: [-1, 8, 512, -1].  Tensor sizes: [16, 1, 1]
2025-06-05 19:12:38,930 - root - WARNING - RuntimeError at batch 186: The expanded size of the tensor (8) must match the existing size (16) at non-singleton dimension 1.  Target sizes: [-1, 8, 512, -1].  Tensor sizes: [16, 1, 1]
2025-06-05 19:12:38,956 - root - WARNING - RuntimeError at batch 187: The expanded size of the tensor (8) must match the existing size (16) at non-singleton dimension 1.  Target sizes: [-1, 8, 512, -1].  Tensor sizes: [16, 1, 1]
2025-06-05 19:12:38,973 - root - WARNING - RuntimeError at batch 188: The expanded size of the tensor (8) must match the existing size (16) at non-singleton dimension 1.  Target sizes: [-1, 8, 512, -1].  Tensor sizes: [16, 1, 1]
2025-06-05 19:12:39,006 - root - WARNING - RuntimeError at batch 189: The expanded size of the tensor (8) must match the existing size (16) at non-singleton dimension 1.  Target sizes: [-1, 8, 512, -1].  Tensor sizes: [16, 1, 1]
2025-06-05 19:12:39,027 - root - WARNING - RuntimeError at batch 190: The expanded size of the tensor (8) must match the existing size (16) at non-singleton dimension 1.  Target sizes: [-1, 8, 512, -1].  Tensor sizes: [16, 1, 1]
2025-06-05 19:12:39,046 - root - WARNING - RuntimeError at batch 191: The expanded size of the tensor (8) must match the existing size (16) at non-singleton dimension 1.  Target sizes: [-1, 8, 512, -1].  Tensor sizes: [16, 1, 1]
2025-06-05 19:12:39,064 - root - WARNING - RuntimeError at batch 192: The expanded size of the tensor (8) must match the existing size (16) at non-singleton dimension 1.  Target sizes: [-1, 8, 512, -1].  Tensor sizes: [16, 1, 1]
2025-06-05 19:12:39,083 - root - WARNING - RuntimeError at batch 193: The expanded size of the tensor (8) must match the existing size (16) at non-singleton dimension 1.  Target sizes: [-1, 8, 512, -1].  Tensor sizes: [16, 1, 1]
2025-06-05 19:12:39,104 - root - WARNING - RuntimeError at batch 194: The expanded size of the tensor (8) must match the existing size (16) at non-singleton dimension 1.  Target sizes: [-1, 8, 512, -1].  Tensor sizes: [16, 1, 1]
2025-06-05 19:12:39,120 - root - WARNING - RuntimeError at batch 195: The expanded size of the tensor (8) must match the existing size (16) at non-singleton dimension 1.  Target sizes: [-1, 8, 512, -1].  Tensor sizes: [16, 1, 1]
2025-06-05 19:12:39,140 - root - WARNING - RuntimeError at batch 196: The expanded size of the tensor (8) must match the existing size (16) at non-singleton dimension 1.  Target sizes: [-1, 8, 512, -1].  Tensor sizes: [16, 1, 1]
2025-06-05 19:12:39,161 - root - WARNING - RuntimeError at batch 197: The expanded size of the tensor (8) must match the existing size (16) at non-singleton dimension 1.  Target sizes: [-1, 8, 512, -1].  Tensor sizes: [16, 1, 1]
2025-06-05 19:12:39,180 - root - WARNING - RuntimeError at batch 198: The expanded size of the tensor (8) must match the existing size (16) at non-singleton dimension 1.  Target sizes: [-1, 8, 512, -1].  Tensor sizes: [16, 1, 1]
2025-06-05 19:12:39,197 - root - WARNING - RuntimeError at batch 199: The expanded size of the tensor (8) must match the existing size (16) at non-singleton dimension 1.  Target sizes: [-1, 8, 512, -1].  Tensor sizes: [16, 1, 1]
2025-06-05 19:12:39,215 - root - WARNING - RuntimeError at batch 200: The expanded size of the tensor (8) must match the existing size (16) at non-singleton dimension 1.  Target sizes: [-1, 8, 512, -1].  Tensor sizes: [16, 1, 1]
2025-06-05 19:12:39,229 - root - WARNING - RuntimeError at batch 201: The expanded size of the tensor (8) must match the existing size (16) at non-singleton dimension 1.  Target sizes: [-1, 8, 512, -1].  Tensor sizes: [16, 1, 1]
2025-06-05 19:12:39,249 - root - WARNING - RuntimeError at batch 202: The expanded size of the tensor (8) must match the existing size (16) at non-singleton dimension 1.  Target sizes: [-1, 8, 512, -1].  Tensor sizes: [16, 1, 1]
2025-06-05 19:12:39,271 - root - WARNING - RuntimeError at batch 203: The expanded size of the tensor (8) must match the existing size (16) at non-singleton dimension 1.  Target sizes: [-1, 8, 512, -1].  Tensor sizes: [16, 1, 1]
2025-06-05 19:12:39,292 - root - WARNING - RuntimeError at batch 204: The expanded size of the tensor (8) must match the existing size (16) at non-singleton dimension 1.  Target sizes: [-1, 8, 512, -1].  Tensor sizes: [16, 1, 1]
2025-06-05 19:12:39,309 - root - WARNING - RuntimeError at batch 205: The expanded size of the tensor (8) must match the existing size (16) at non-singleton dimension 1.  Target sizes: [-1, 8, 512, -1].  Tensor sizes: [16, 1, 1]
2025-06-05 19:12:39,326 - root - WARNING - RuntimeError at batch 206: The expanded size of the tensor (8) must match the existing size (16) at non-singleton dimension 1.  Target sizes: [-1, 8, 512, -1].  Tensor sizes: [16, 1, 1]
2025-06-05 19:12:39,344 - root - WARNING - RuntimeError at batch 207: The expanded size of the tensor (8) must match the existing size (16) at non-singleton dimension 1.  Target sizes: [-1, 8, 512, -1].  Tensor sizes: [16, 1, 1]
2025-06-05 19:12:39,363 - root - WARNING - RuntimeError at batch 208: The expanded size of the tensor (8) must match the existing size (16) at non-singleton dimension 1.  Target sizes: [-1, 8, 512, -1].  Tensor sizes: [16, 1, 1]
2025-06-05 19:12:39,381 - root - WARNING - RuntimeError at batch 209: The expanded size of the tensor (8) must match the existing size (16) at non-singleton dimension 1.  Target sizes: [-1, 8, 512, -1].  Tensor sizes: [16, 1, 1]
2025-06-05 19:12:39,416 - root - WARNING - RuntimeError at batch 210: The expanded size of the tensor (8) must match the existing size (16) at non-singleton dimension 1.  Target sizes: [-1, 8, 512, -1].  Tensor sizes: [16, 1, 1]
2025-06-05 19:12:39,432 - root - WARNING - RuntimeError at batch 211: The expanded size of the tensor (8) must match the existing size (16) at non-singleton dimension 1.  Target sizes: [-1, 8, 512, -1].  Tensor sizes: [16, 1, 1]
2025-06-05 19:12:39,448 - root - WARNING - RuntimeError at batch 212: The expanded size of the tensor (8) must match the existing size (16) at non-singleton dimension 1.  Target sizes: [-1, 8, 512, -1].  Tensor sizes: [16, 1, 1]
2025-06-05 19:12:39,467 - root - WARNING - RuntimeError at batch 213: The expanded size of the tensor (8) must match the existing size (16) at non-singleton dimension 1.  Target sizes: [-1, 8, 512, -1].  Tensor sizes: [16, 1, 1]
2025-06-05 19:12:39,488 - root - WARNING - RuntimeError at batch 214: The expanded size of the tensor (8) must match the existing size (16) at non-singleton dimension 1.  Target sizes: [-1, 8, 512, -1].  Tensor sizes: [16, 1, 1]
2025-06-05 19:12:39,507 - root - WARNING - RuntimeError at batch 215: The expanded size of the tensor (8) must match the existing size (16) at non-singleton dimension 1.  Target sizes: [-1, 8, 512, -1].  Tensor sizes: [16, 1, 1]
2025-06-05 19:12:39,522 - root - WARNING - RuntimeError at batch 216: The expanded size of the tensor (8) must match the existing size (16) at non-singleton dimension 1.  Target sizes: [-1, 8, 512, -1].  Tensor sizes: [16, 1, 1]
2025-06-05 19:12:39,540 - root - WARNING - RuntimeError at batch 217: The expanded size of the tensor (8) must match the existing size (16) at non-singleton dimension 1.  Target sizes: [-1, 8, 512, -1].  Tensor sizes: [16, 1, 1]
2025-06-05 19:12:39,557 - root - WARNING - RuntimeError at batch 218: The expanded size of the tensor (8) must match the existing size (16) at non-singleton dimension 1.  Target sizes: [-1, 8, 512, -1].  Tensor sizes: [16, 1, 1]
2025-06-05 19:12:39,572 - root - WARNING - RuntimeError at batch 219: The expanded size of the tensor (8) must match the existing size (16) at non-singleton dimension 1.  Target sizes: [-1, 8, 512, -1].  Tensor sizes: [16, 1, 1]
2025-06-05 19:12:39,591 - root - WARNING - RuntimeError at batch 220: The expanded size of the tensor (8) must match the existing size (16) at non-singleton dimension 1.  Target sizes: [-1, 8, 512, -1].  Tensor sizes: [16, 1, 1]
2025-06-05 19:12:39,604 - root - WARNING - RuntimeError at batch 221: The expanded size of the tensor (8) must match the existing size (16) at non-singleton dimension 1.  Target sizes: [-1, 8, 512, -1].  Tensor sizes: [16, 1, 1]
2025-06-05 19:12:39,630 - root - WARNING - RuntimeError at batch 222: The expanded size of the tensor (8) must match the existing size (16) at non-singleton dimension 1.  Target sizes: [-1, 8, 512, -1].  Tensor sizes: [16, 1, 1]
2025-06-05 19:12:39,648 - root - WARNING - RuntimeError at batch 223: The expanded size of the tensor (8) must match the existing size (16) at non-singleton dimension 1.  Target sizes: [-1, 8, 512, -1].  Tensor sizes: [16, 1, 1]
2025-06-05 19:12:39,666 - root - WARNING - RuntimeError at batch 224: The expanded size of the tensor (8) must match the existing size (16) at non-singleton dimension 1.  Target sizes: [-1, 8, 512, -1].  Tensor sizes: [16, 1, 1]
2025-06-05 19:12:39,686 - root - WARNING - RuntimeError at batch 225: The expanded size of the tensor (8) must match the existing size (16) at non-singleton dimension 1.  Target sizes: [-1, 8, 512, -1].  Tensor sizes: [16, 1, 1]
2025-06-05 19:12:39,702 - root - WARNING - RuntimeError at batch 226: The expanded size of the tensor (8) must match the existing size (16) at non-singleton dimension 1.  Target sizes: [-1, 8, 512, -1].  Tensor sizes: [16, 1, 1]
2025-06-05 19:12:39,715 - root - WARNING - RuntimeError at batch 227: The expanded size of the tensor (8) must match the existing size (16) at non-singleton dimension 1.  Target sizes: [-1, 8, 512, -1].  Tensor sizes: [16, 1, 1]
2025-06-05 19:12:39,736 - root - WARNING - RuntimeError at batch 228: The expanded size of the tensor (8) must match the existing size (16) at non-singleton dimension 1.  Target sizes: [-1, 8, 512, -1].  Tensor sizes: [16, 1, 1]
2025-06-05 19:12:39,755 - root - WARNING - RuntimeError at batch 229: The expanded size of the tensor (8) must match the existing size (16) at non-singleton dimension 1.  Target sizes: [-1, 8, 512, -1].  Tensor sizes: [16, 1, 1]
2025-06-05 19:12:39,774 - root - WARNING - RuntimeError at batch 230: The expanded size of the tensor (8) must match the existing size (16) at non-singleton dimension 1.  Target sizes: [-1, 8, 512, -1].  Tensor sizes: [16, 1, 1]
2025-06-05 19:12:39,791 - root - WARNING - RuntimeError at batch 231: The expanded size of the tensor (8) must match the existing size (16) at non-singleton dimension 1.  Target sizes: [-1, 8, 512, -1].  Tensor sizes: [16, 1, 1]
2025-06-05 19:12:39,810 - root - WARNING - RuntimeError at batch 232: The expanded size of the tensor (8) must match the existing size (16) at non-singleton dimension 1.  Target sizes: [-1, 8, 512, -1].  Tensor sizes: [16, 1, 1]
2025-06-05 19:12:39,827 - root - WARNING - RuntimeError at batch 233: The expanded size of the tensor (8) must match the existing size (16) at non-singleton dimension 1.  Target sizes: [-1, 8, 512, -1].  Tensor sizes: [16, 1, 1]
2025-06-05 19:12:39,845 - root - WARNING - RuntimeError at batch 234: The expanded size of the tensor (8) must match the existing size (16) at non-singleton dimension 1.  Target sizes: [-1, 8, 512, -1].  Tensor sizes: [16, 1, 1]
2025-06-05 19:12:39,863 - root - WARNING - RuntimeError at batch 235: The expanded size of the tensor (8) must match the existing size (16) at non-singleton dimension 1.  Target sizes: [-1, 8, 512, -1].  Tensor sizes: [16, 1, 1]
2025-06-05 19:12:39,881 - root - WARNING - RuntimeError at batch 236: The expanded size of the tensor (8) must match the existing size (16) at non-singleton dimension 1.  Target sizes: [-1, 8, 512, -1].  Tensor sizes: [16, 1, 1]
2025-06-05 19:12:39,900 - root - WARNING - RuntimeError at batch 237: The expanded size of the tensor (8) must match the existing size (16) at non-singleton dimension 1.  Target sizes: [-1, 8, 512, -1].  Tensor sizes: [16, 1, 1]
2025-06-05 19:12:39,925 - root - WARNING - RuntimeError at batch 238: The expanded size of the tensor (8) must match the existing size (16) at non-singleton dimension 1.  Target sizes: [-1, 8, 512, -1].  Tensor sizes: [16, 1, 1]
2025-06-05 19:12:39,948 - root - WARNING - RuntimeError at batch 239: The expanded size of the tensor (8) must match the existing size (16) at non-singleton dimension 1.  Target sizes: [-1, 8, 512, -1].  Tensor sizes: [16, 1, 1]
2025-06-05 19:12:39,966 - root - WARNING - RuntimeError at batch 240: The expanded size of the tensor (8) must match the existing size (16) at non-singleton dimension 1.  Target sizes: [-1, 8, 512, -1].  Tensor sizes: [16, 1, 1]
2025-06-05 19:12:39,980 - root - WARNING - RuntimeError at batch 241: The expanded size of the tensor (8) must match the existing size (16) at non-singleton dimension 1.  Target sizes: [-1, 8, 512, -1].  Tensor sizes: [16, 1, 1]
2025-06-05 19:12:40,003 - root - WARNING - RuntimeError at batch 242: The expanded size of the tensor (8) must match the existing size (16) at non-singleton dimension 1.  Target sizes: [-1, 8, 512, -1].  Tensor sizes: [16, 1, 1]
2025-06-05 19:12:40,019 - root - WARNING - RuntimeError at batch 243: The expanded size of the tensor (8) must match the existing size (16) at non-singleton dimension 1.  Target sizes: [-1, 8, 512, -1].  Tensor sizes: [16, 1, 1]
2025-06-05 19:12:40,035 - root - WARNING - RuntimeError at batch 244: The expanded size of the tensor (8) must match the existing size (16) at non-singleton dimension 1.  Target sizes: [-1, 8, 512, -1].  Tensor sizes: [16, 1, 1]
2025-06-05 19:12:40,054 - root - WARNING - RuntimeError at batch 245: The expanded size of the tensor (8) must match the existing size (16) at non-singleton dimension 1.  Target sizes: [-1, 8, 512, -1].  Tensor sizes: [16, 1, 1]
2025-06-05 19:12:40,074 - root - WARNING - RuntimeError at batch 246: The expanded size of the tensor (8) must match the existing size (16) at non-singleton dimension 1.  Target sizes: [-1, 8, 512, -1].  Tensor sizes: [16, 1, 1]
2025-06-05 19:12:40,094 - root - WARNING - RuntimeError at batch 247: The expanded size of the tensor (8) must match the existing size (16) at non-singleton dimension 1.  Target sizes: [-1, 8, 512, -1].  Tensor sizes: [16, 1, 1]
2025-06-05 19:12:40,113 - root - WARNING - RuntimeError at batch 248: The expanded size of the tensor (8) must match the existing size (16) at non-singleton dimension 1.  Target sizes: [-1, 8, 512, -1].  Tensor sizes: [16, 1, 1]
2025-06-05 19:12:40,130 - root - WARNING - RuntimeError at batch 249: The expanded size of the tensor (8) must match the existing size (16) at non-singleton dimension 1.  Target sizes: [-1, 8, 512, -1].  Tensor sizes: [16, 1, 1]
2025-06-05 19:12:40,147 - root - WARNING - RuntimeError at batch 250: The expanded size of the tensor (8) must match the existing size (16) at non-singleton dimension 1.  Target sizes: [-1, 8, 512, -1].  Tensor sizes: [16, 1, 1]
2025-06-05 19:12:40,168 - root - WARNING - RuntimeError at batch 251: The expanded size of the tensor (8) must match the existing size (16) at non-singleton dimension 1.  Target sizes: [-1, 8, 512, -1].  Tensor sizes: [16, 1, 1]
2025-06-05 19:12:40,187 - root - WARNING - RuntimeError at batch 252: The expanded size of the tensor (8) must match the existing size (16) at non-singleton dimension 1.  Target sizes: [-1, 8, 512, -1].  Tensor sizes: [16, 1, 1]
2025-06-05 19:12:40,205 - root - WARNING - RuntimeError at batch 253: The expanded size of the tensor (8) must match the existing size (16) at non-singleton dimension 1.  Target sizes: [-1, 8, 512, -1].  Tensor sizes: [16, 1, 1]
2025-06-05 19:12:40,224 - root - WARNING - RuntimeError at batch 254: The expanded size of the tensor (8) must match the existing size (16) at non-singleton dimension 1.  Target sizes: [-1, 8, 512, -1].  Tensor sizes: [16, 1, 1]
2025-06-05 19:12:40,235 - root - WARNING - RuntimeError at batch 255: The expanded size of the tensor (8) must match the existing size (16) at non-singleton dimension 1.  Target sizes: [-1, 8, 512, -1].  Tensor sizes: [16, 1, 1]
2025-06-05 19:12:40,256 - root - WARNING - RuntimeError at batch 256: The expanded size of the tensor (8) must match the existing size (16) at non-singleton dimension 1.  Target sizes: [-1, 8, 512, -1].  Tensor sizes: [16, 1, 1]
2025-06-05 19:12:40,273 - root - WARNING - RuntimeError at batch 257: The expanded size of the tensor (8) must match the existing size (16) at non-singleton dimension 1.  Target sizes: [-1, 8, 512, -1].  Tensor sizes: [16, 1, 1]
2025-06-05 19:12:40,291 - root - WARNING - RuntimeError at batch 258: The expanded size of the tensor (8) must match the existing size (16) at non-singleton dimension 1.  Target sizes: [-1, 8, 512, -1].  Tensor sizes: [16, 1, 1]
2025-06-05 19:12:40,312 - root - WARNING - RuntimeError at batch 259: The expanded size of the tensor (8) must match the existing size (16) at non-singleton dimension 1.  Target sizes: [-1, 8, 512, -1].  Tensor sizes: [16, 1, 1]
2025-06-05 19:12:40,327 - root - WARNING - RuntimeError at batch 260: The expanded size of the tensor (8) must match the existing size (16) at non-singleton dimension 1.  Target sizes: [-1, 8, 512, -1].  Tensor sizes: [16, 1, 1]
2025-06-05 19:12:40,346 - root - WARNING - RuntimeError at batch 261: The expanded size of the tensor (8) must match the existing size (16) at non-singleton dimension 1.  Target sizes: [-1, 8, 512, -1].  Tensor sizes: [16, 1, 1]
2025-06-05 19:12:40,368 - root - WARNING - RuntimeError at batch 262: The expanded size of the tensor (8) must match the existing size (16) at non-singleton dimension 1.  Target sizes: [-1, 8, 512, -1].  Tensor sizes: [16, 1, 1]
2025-06-05 19:12:40,383 - root - WARNING - RuntimeError at batch 263: The expanded size of the tensor (8) must match the existing size (16) at non-singleton dimension 1.  Target sizes: [-1, 8, 512, -1].  Tensor sizes: [16, 1, 1]
2025-06-05 19:12:40,401 - root - WARNING - RuntimeError at batch 264: The expanded size of the tensor (8) must match the existing size (16) at non-singleton dimension 1.  Target sizes: [-1, 8, 512, -1].  Tensor sizes: [16, 1, 1]
2025-06-05 19:12:40,418 - root - WARNING - RuntimeError at batch 265: The expanded size of the tensor (8) must match the existing size (16) at non-singleton dimension 1.  Target sizes: [-1, 8, 512, -1].  Tensor sizes: [16, 1, 1]
2025-06-05 19:12:40,435 - root - WARNING - RuntimeError at batch 266: The expanded size of the tensor (8) must match the existing size (16) at non-singleton dimension 1.  Target sizes: [-1, 8, 512, -1].  Tensor sizes: [16, 1, 1]
2025-06-05 19:12:40,452 - root - WARNING - RuntimeError at batch 267: The expanded size of the tensor (8) must match the existing size (16) at non-singleton dimension 1.  Target sizes: [-1, 8, 512, -1].  Tensor sizes: [16, 1, 1]
2025-06-05 19:12:40,465 - root - WARNING - RuntimeError at batch 268: The expanded size of the tensor (8) must match the existing size (16) at non-singleton dimension 1.  Target sizes: [-1, 8, 512, -1].  Tensor sizes: [16, 1, 1]
2025-06-05 19:12:40,488 - root - WARNING - RuntimeError at batch 269: The expanded size of the tensor (8) must match the existing size (16) at non-singleton dimension 1.  Target sizes: [-1, 8, 512, -1].  Tensor sizes: [16, 1, 1]
2025-06-05 19:12:40,509 - root - WARNING - RuntimeError at batch 270: The expanded size of the tensor (8) must match the existing size (16) at non-singleton dimension 1.  Target sizes: [-1, 8, 512, -1].  Tensor sizes: [16, 1, 1]
2025-06-05 19:12:40,520 - root - WARNING - RuntimeError at batch 271: The expanded size of the tensor (8) must match the existing size (16) at non-singleton dimension 1.  Target sizes: [-1, 8, 512, -1].  Tensor sizes: [16, 1, 1]
2025-06-05 19:12:40,542 - root - WARNING - RuntimeError at batch 272: The expanded size of the tensor (8) must match the existing size (16) at non-singleton dimension 1.  Target sizes: [-1, 8, 512, -1].  Tensor sizes: [16, 1, 1]
2025-06-05 19:12:40,560 - root - WARNING - RuntimeError at batch 273: The expanded size of the tensor (8) must match the existing size (16) at non-singleton dimension 1.  Target sizes: [-1, 8, 512, -1].  Tensor sizes: [16, 1, 1]
2025-06-05 19:12:40,576 - root - WARNING - RuntimeError at batch 274: The expanded size of the tensor (8) must match the existing size (16) at non-singleton dimension 1.  Target sizes: [-1, 8, 512, -1].  Tensor sizes: [16, 1, 1]
2025-06-05 19:12:40,604 - root - WARNING - RuntimeError at batch 275: The expanded size of the tensor (8) must match the existing size (16) at non-singleton dimension 1.  Target sizes: [-1, 8, 512, -1].  Tensor sizes: [16, 1, 1]
2025-06-05 19:12:40,619 - root - WARNING - RuntimeError at batch 276: The expanded size of the tensor (8) must match the existing size (16) at non-singleton dimension 1.  Target sizes: [-1, 8, 512, -1].  Tensor sizes: [16, 1, 1]
2025-06-05 19:12:40,642 - root - WARNING - RuntimeError at batch 277: The expanded size of the tensor (8) must match the existing size (16) at non-singleton dimension 1.  Target sizes: [-1, 8, 512, -1].  Tensor sizes: [16, 1, 1]
2025-06-05 19:12:40,663 - root - WARNING - RuntimeError at batch 278: The expanded size of the tensor (8) must match the existing size (16) at non-singleton dimension 1.  Target sizes: [-1, 8, 512, -1].  Tensor sizes: [16, 1, 1]
2025-06-05 19:12:40,686 - root - WARNING - RuntimeError at batch 279: The expanded size of the tensor (8) must match the existing size (16) at non-singleton dimension 1.  Target sizes: [-1, 8, 512, -1].  Tensor sizes: [16, 1, 1]
2025-06-05 19:12:40,702 - root - WARNING - RuntimeError at batch 280: The expanded size of the tensor (8) must match the existing size (16) at non-singleton dimension 1.  Target sizes: [-1, 8, 512, -1].  Tensor sizes: [16, 1, 1]
2025-06-05 19:12:40,721 - root - WARNING - RuntimeError at batch 281: The expanded size of the tensor (8) must match the existing size (16) at non-singleton dimension 1.  Target sizes: [-1, 8, 512, -1].  Tensor sizes: [16, 1, 1]
2025-06-05 19:12:40,744 - root - WARNING - RuntimeError at batch 282: The expanded size of the tensor (8) must match the existing size (16) at non-singleton dimension 1.  Target sizes: [-1, 8, 512, -1].  Tensor sizes: [16, 1, 1]
2025-06-05 19:12:40,768 - root - WARNING - RuntimeError at batch 283: The expanded size of the tensor (8) must match the existing size (16) at non-singleton dimension 1.  Target sizes: [-1, 8, 512, -1].  Tensor sizes: [16, 1, 1]
2025-06-05 19:12:40,786 - root - WARNING - RuntimeError at batch 284: The expanded size of the tensor (8) must match the existing size (16) at non-singleton dimension 1.  Target sizes: [-1, 8, 512, -1].  Tensor sizes: [16, 1, 1]
2025-06-05 19:12:40,804 - root - WARNING - RuntimeError at batch 285: The expanded size of the tensor (8) must match the existing size (16) at non-singleton dimension 1.  Target sizes: [-1, 8, 512, -1].  Tensor sizes: [16, 1, 1]
2025-06-05 19:12:40,822 - root - WARNING - RuntimeError at batch 286: The expanded size of the tensor (8) must match the existing size (16) at non-singleton dimension 1.  Target sizes: [-1, 8, 512, -1].  Tensor sizes: [16, 1, 1]
2025-06-05 19:12:40,833 - root - WARNING - RuntimeError at batch 287: The expanded size of the tensor (8) must match the existing size (16) at non-singleton dimension 1.  Target sizes: [-1, 8, 512, -1].  Tensor sizes: [16, 1, 1]
2025-06-05 19:12:40,859 - root - WARNING - RuntimeError at batch 288: The expanded size of the tensor (8) must match the existing size (16) at non-singleton dimension 1.  Target sizes: [-1, 8, 512, -1].  Tensor sizes: [16, 1, 1]
2025-06-05 19:12:40,875 - root - WARNING - RuntimeError at batch 289: The expanded size of the tensor (8) must match the existing size (16) at non-singleton dimension 1.  Target sizes: [-1, 8, 512, -1].  Tensor sizes: [16, 1, 1]
2025-06-05 19:12:40,893 - root - WARNING - RuntimeError at batch 290: The expanded size of the tensor (8) must match the existing size (16) at non-singleton dimension 1.  Target sizes: [-1, 8, 512, -1].  Tensor sizes: [16, 1, 1]
2025-06-05 19:12:40,915 - root - WARNING - RuntimeError at batch 291: The expanded size of the tensor (8) must match the existing size (16) at non-singleton dimension 1.  Target sizes: [-1, 8, 512, -1].  Tensor sizes: [16, 1, 1]
2025-06-05 19:12:40,932 - root - WARNING - RuntimeError at batch 292: The expanded size of the tensor (8) must match the existing size (16) at non-singleton dimension 1.  Target sizes: [-1, 8, 512, -1].  Tensor sizes: [16, 1, 1]
2025-06-05 19:12:40,946 - root - WARNING - RuntimeError at batch 293: The expanded size of the tensor (8) must match the existing size (16) at non-singleton dimension 1.  Target sizes: [-1, 8, 512, -1].  Tensor sizes: [16, 1, 1]
2025-06-05 19:12:40,966 - root - WARNING - RuntimeError at batch 294: The expanded size of the tensor (8) must match the existing size (16) at non-singleton dimension 1.  Target sizes: [-1, 8, 512, -1].  Tensor sizes: [16, 1, 1]
2025-06-05 19:12:40,983 - root - WARNING - RuntimeError at batch 295: The expanded size of the tensor (8) must match the existing size (16) at non-singleton dimension 1.  Target sizes: [-1, 8, 512, -1].  Tensor sizes: [16, 1, 1]
2025-06-05 19:12:41,000 - root - WARNING - RuntimeError at batch 296: The expanded size of the tensor (8) must match the existing size (16) at non-singleton dimension 1.  Target sizes: [-1, 8, 512, -1].  Tensor sizes: [16, 1, 1]
2025-06-05 19:12:41,019 - root - WARNING - RuntimeError at batch 297: The expanded size of the tensor (8) must match the existing size (16) at non-singleton dimension 1.  Target sizes: [-1, 8, 512, -1].  Tensor sizes: [16, 1, 1]
2025-06-05 19:12:41,042 - root - WARNING - RuntimeError at batch 298: The expanded size of the tensor (8) must match the existing size (16) at non-singleton dimension 1.  Target sizes: [-1, 8, 512, -1].  Tensor sizes: [16, 1, 1]
2025-06-05 19:12:41,058 - root - WARNING - RuntimeError at batch 299: The expanded size of the tensor (8) must match the existing size (16) at non-singleton dimension 1.  Target sizes: [-1, 8, 512, -1].  Tensor sizes: [16, 1, 1]
2025-06-05 19:12:41,075 - root - WARNING - RuntimeError at batch 300: The expanded size of the tensor (8) must match the existing size (16) at non-singleton dimension 1.  Target sizes: [-1, 8, 512, -1].  Tensor sizes: [16, 1, 1]
2025-06-05 19:12:41,092 - root - WARNING - RuntimeError at batch 301: The expanded size of the tensor (8) must match the existing size (16) at non-singleton dimension 1.  Target sizes: [-1, 8, 512, -1].  Tensor sizes: [16, 1, 1]
2025-06-05 19:12:41,110 - root - WARNING - RuntimeError at batch 302: The expanded size of the tensor (8) must match the existing size (16) at non-singleton dimension 1.  Target sizes: [-1, 8, 512, -1].  Tensor sizes: [16, 1, 1]
2025-06-05 19:12:41,124 - root - WARNING - RuntimeError at batch 303: The expanded size of the tensor (8) must match the existing size (16) at non-singleton dimension 1.  Target sizes: [-1, 8, 512, -1].  Tensor sizes: [16, 1, 1]
2025-06-05 19:12:41,144 - root - WARNING - RuntimeError at batch 304: The expanded size of the tensor (8) must match the existing size (16) at non-singleton dimension 1.  Target sizes: [-1, 8, 512, -1].  Tensor sizes: [16, 1, 1]
2025-06-05 19:12:41,162 - root - WARNING - RuntimeError at batch 305: The expanded size of the tensor (8) must match the existing size (16) at non-singleton dimension 1.  Target sizes: [-1, 8, 512, -1].  Tensor sizes: [16, 1, 1]
2025-06-05 19:12:41,180 - root - WARNING - RuntimeError at batch 306: The expanded size of the tensor (8) must match the existing size (16) at non-singleton dimension 1.  Target sizes: [-1, 8, 512, -1].  Tensor sizes: [16, 1, 1]
2025-06-05 19:12:41,199 - root - WARNING - RuntimeError at batch 307: The expanded size of the tensor (8) must match the existing size (16) at non-singleton dimension 1.  Target sizes: [-1, 8, 512, -1].  Tensor sizes: [16, 1, 1]
2025-06-05 19:12:41,215 - root - WARNING - RuntimeError at batch 308: The expanded size of the tensor (8) must match the existing size (16) at non-singleton dimension 1.  Target sizes: [-1, 8, 512, -1].  Tensor sizes: [16, 1, 1]
2025-06-05 19:12:41,236 - root - WARNING - RuntimeError at batch 309: The expanded size of the tensor (8) must match the existing size (16) at non-singleton dimension 1.  Target sizes: [-1, 8, 512, -1].  Tensor sizes: [16, 1, 1]
2025-06-05 19:12:41,252 - root - WARNING - RuntimeError at batch 310: The expanded size of the tensor (8) must match the existing size (16) at non-singleton dimension 1.  Target sizes: [-1, 8, 512, -1].  Tensor sizes: [16, 1, 1]
2025-06-05 19:12:41,271 - root - WARNING - RuntimeError at batch 311: The expanded size of the tensor (8) must match the existing size (16) at non-singleton dimension 1.  Target sizes: [-1, 8, 512, -1].  Tensor sizes: [16, 1, 1]
2025-06-05 19:12:41,288 - root - WARNING - RuntimeError at batch 312: The expanded size of the tensor (8) must match the existing size (16) at non-singleton dimension 1.  Target sizes: [-1, 8, 512, -1].  Tensor sizes: [16, 1, 1]
2025-06-05 19:12:41,307 - root - WARNING - RuntimeError at batch 313: The expanded size of the tensor (8) must match the existing size (16) at non-singleton dimension 1.  Target sizes: [-1, 8, 512, -1].  Tensor sizes: [16, 1, 1]
2025-06-05 19:12:41,320 - root - WARNING - RuntimeError at batch 314: The expanded size of the tensor (8) must match the existing size (16) at non-singleton dimension 1.  Target sizes: [-1, 8, 512, -1].  Tensor sizes: [16, 1, 1]
2025-06-05 19:12:41,342 - root - WARNING - RuntimeError at batch 315: The expanded size of the tensor (8) must match the existing size (16) at non-singleton dimension 1.  Target sizes: [-1, 8, 512, -1].  Tensor sizes: [16, 1, 1]
2025-06-05 19:12:41,359 - root - WARNING - RuntimeError at batch 316: The expanded size of the tensor (8) must match the existing size (16) at non-singleton dimension 1.  Target sizes: [-1, 8, 512, -1].  Tensor sizes: [16, 1, 1]
2025-06-05 19:12:41,375 - root - WARNING - RuntimeError at batch 317: The expanded size of the tensor (8) must match the existing size (16) at non-singleton dimension 1.  Target sizes: [-1, 8, 512, -1].  Tensor sizes: [16, 1, 1]
2025-06-05 19:12:41,392 - root - WARNING - RuntimeError at batch 318: The expanded size of the tensor (8) must match the existing size (16) at non-singleton dimension 1.  Target sizes: [-1, 8, 512, -1].  Tensor sizes: [16, 1, 1]
2025-06-05 19:12:41,411 - root - WARNING - RuntimeError at batch 319: The expanded size of the tensor (8) must match the existing size (16) at non-singleton dimension 1.  Target sizes: [-1, 8, 512, -1].  Tensor sizes: [16, 1, 1]
2025-06-05 19:12:41,427 - root - WARNING - RuntimeError at batch 320: The expanded size of the tensor (8) must match the existing size (16) at non-singleton dimension 1.  Target sizes: [-1, 8, 512, -1].  Tensor sizes: [16, 1, 1]
2025-06-05 19:12:41,444 - root - WARNING - RuntimeError at batch 321: The expanded size of the tensor (8) must match the existing size (16) at non-singleton dimension 1.  Target sizes: [-1, 8, 512, -1].  Tensor sizes: [16, 1, 1]
2025-06-05 19:12:41,458 - root - WARNING - RuntimeError at batch 322: The expanded size of the tensor (8) must match the existing size (16) at non-singleton dimension 1.  Target sizes: [-1, 8, 512, -1].  Tensor sizes: [16, 1, 1]
2025-06-05 19:12:41,485 - root - WARNING - RuntimeError at batch 323: The expanded size of the tensor (8) must match the existing size (16) at non-singleton dimension 1.  Target sizes: [-1, 8, 512, -1].  Tensor sizes: [16, 1, 1]
2025-06-05 19:12:41,503 - root - WARNING - RuntimeError at batch 324: The expanded size of the tensor (8) must match the existing size (16) at non-singleton dimension 1.  Target sizes: [-1, 8, 512, -1].  Tensor sizes: [16, 1, 1]
2025-06-05 19:12:41,520 - root - WARNING - RuntimeError at batch 325: The expanded size of the tensor (8) must match the existing size (16) at non-singleton dimension 1.  Target sizes: [-1, 8, 512, -1].  Tensor sizes: [16, 1, 1]
2025-06-05 19:12:41,538 - root - WARNING - RuntimeError at batch 326: The expanded size of the tensor (8) must match the existing size (16) at non-singleton dimension 1.  Target sizes: [-1, 8, 512, -1].  Tensor sizes: [16, 1, 1]
2025-06-05 19:12:41,556 - root - WARNING - RuntimeError at batch 327: The expanded size of the tensor (8) must match the existing size (16) at non-singleton dimension 1.  Target sizes: [-1, 8, 512, -1].  Tensor sizes: [16, 1, 1]
2025-06-05 19:12:41,579 - root - WARNING - RuntimeError at batch 328: The expanded size of the tensor (8) must match the existing size (16) at non-singleton dimension 1.  Target sizes: [-1, 8, 512, -1].  Tensor sizes: [16, 1, 1]
2025-06-05 19:12:41,593 - root - WARNING - RuntimeError at batch 329: The expanded size of the tensor (8) must match the existing size (16) at non-singleton dimension 1.  Target sizes: [-1, 8, 512, -1].  Tensor sizes: [16, 1, 1]
2025-06-05 19:12:41,612 - root - WARNING - RuntimeError at batch 330: The expanded size of the tensor (8) must match the existing size (16) at non-singleton dimension 1.  Target sizes: [-1, 8, 512, -1].  Tensor sizes: [16, 1, 1]
2025-06-05 19:12:41,631 - root - WARNING - RuntimeError at batch 331: The expanded size of the tensor (8) must match the existing size (16) at non-singleton dimension 1.  Target sizes: [-1, 8, 512, -1].  Tensor sizes: [16, 1, 1]
2025-06-05 19:12:41,648 - root - WARNING - RuntimeError at batch 332: The expanded size of the tensor (8) must match the existing size (16) at non-singleton dimension 1.  Target sizes: [-1, 8, 512, -1].  Tensor sizes: [16, 1, 1]
2025-06-05 19:12:41,667 - root - WARNING - RuntimeError at batch 333: The expanded size of the tensor (8) must match the existing size (16) at non-singleton dimension 1.  Target sizes: [-1, 8, 512, -1].  Tensor sizes: [16, 1, 1]
2025-06-05 19:12:41,692 - root - WARNING - RuntimeError at batch 334: The expanded size of the tensor (8) must match the existing size (16) at non-singleton dimension 1.  Target sizes: [-1, 8, 512, -1].  Tensor sizes: [16, 1, 1]
2025-06-05 19:12:41,708 - root - WARNING - RuntimeError at batch 335: The expanded size of the tensor (8) must match the existing size (16) at non-singleton dimension 1.  Target sizes: [-1, 8, 512, -1].  Tensor sizes: [16, 1, 1]
2025-06-05 19:12:41,722 - root - WARNING - RuntimeError at batch 336: The expanded size of the tensor (8) must match the existing size (16) at non-singleton dimension 1.  Target sizes: [-1, 8, 512, -1].  Tensor sizes: [16, 1, 1]
2025-06-05 19:12:41,748 - root - WARNING - RuntimeError at batch 337: The expanded size of the tensor (8) must match the existing size (16) at non-singleton dimension 1.  Target sizes: [-1, 8, 512, -1].  Tensor sizes: [16, 1, 1]
2025-06-05 19:12:41,778 - root - WARNING - RuntimeError at batch 338: The expanded size of the tensor (8) must match the existing size (16) at non-singleton dimension 1.  Target sizes: [-1, 8, 512, -1].  Tensor sizes: [16, 1, 1]
2025-06-05 19:12:41,793 - root - WARNING - RuntimeError at batch 339: The expanded size of the tensor (8) must match the existing size (16) at non-singleton dimension 1.  Target sizes: [-1, 8, 512, -1].  Tensor sizes: [16, 1, 1]
2025-06-05 19:12:41,810 - root - WARNING - RuntimeError at batch 340: The expanded size of the tensor (8) must match the existing size (16) at non-singleton dimension 1.  Target sizes: [-1, 8, 512, -1].  Tensor sizes: [16, 1, 1]
2025-06-05 19:12:41,827 - root - WARNING - RuntimeError at batch 341: The expanded size of the tensor (8) must match the existing size (16) at non-singleton dimension 1.  Target sizes: [-1, 8, 512, -1].  Tensor sizes: [16, 1, 1]
2025-06-05 19:12:41,842 - root - WARNING - RuntimeError at batch 342: The expanded size of the tensor (8) must match the existing size (16) at non-singleton dimension 1.  Target sizes: [-1, 8, 512, -1].  Tensor sizes: [16, 1, 1]
2025-06-05 19:12:41,861 - root - WARNING - RuntimeError at batch 343: The expanded size of the tensor (8) must match the existing size (16) at non-singleton dimension 1.  Target sizes: [-1, 8, 512, -1].  Tensor sizes: [16, 1, 1]
2025-06-05 19:12:41,879 - root - WARNING - RuntimeError at batch 344: The expanded size of the tensor (8) must match the existing size (16) at non-singleton dimension 1.  Target sizes: [-1, 8, 512, -1].  Tensor sizes: [16, 1, 1]
2025-06-05 19:12:41,897 - root - WARNING - RuntimeError at batch 345: The expanded size of the tensor (8) must match the existing size (16) at non-singleton dimension 1.  Target sizes: [-1, 8, 512, -1].  Tensor sizes: [16, 1, 1]
2025-06-05 19:12:42,617 - root - ERROR - No valid batches processed in this epoch!
