2025-06-04 00:46:10,747 - root - INFO - Logging to E:\EmotionAnalysis\Emotions-Analysis\outputs\logs\20250604_004610_training.log
2025-06-04 00:46:10,747 - root - INFO - Starting training pipeline...
2025-06-04 00:46:10,747 - root - INFO - Using device: cuda
2025-06-04 00:46:11,931 - root - INFO - Loaded tokenizer with vocab size: 30522
2025-06-04 00:46:11,932 - root - INFO - Loading data from raw files...
2025-06-04 00:46:11,932 - root - INFO - Loading raw data...
2025-06-04 00:46:12,428 - root - INFO - Data sizes - Train: 5548, Val: 686, Test: 693
2025-06-04 00:46:12,428 - root - INFO - Data loaded - Train: 5548, Val: 686, Test: 693
2025-06-04 00:46:12,430 - root - INFO - Train set unique emotions: [6 5 0 2 3 1 4]
2025-06-04 00:46:12,430 - root - INFO - Val set unique emotions: [6 0 1 2 4 5 3]
2025-06-04 00:46:12,430 - root - INFO - Creating datasets...
2025-06-04 00:46:12,430 - root - INFO - Setting vocab size to 30522
2025-06-04 00:46:12,431 - root - INFO - Creating dataloaders...
2025-06-04 00:46:12,431 - root - INFO - Initializing trainer...
2025-06-04 00:46:12,832 - root - INFO - Starting training...
2025-06-04 00:46:43,729 - root - WARNING - RuntimeError at batch 0: The size of tensor a (32) must match the size of tensor b (8) at non-singleton dimension 1
2025-06-04 00:46:43,746 - root - WARNING - RuntimeError at batch 1: The size of tensor a (32) must match the size of tensor b (8) at non-singleton dimension 1
2025-06-04 00:46:43,785 - root - WARNING - RuntimeError at batch 2: The size of tensor a (32) must match the size of tensor b (8) at non-singleton dimension 1
2025-06-04 00:46:43,820 - root - WARNING - RuntimeError at batch 3: The size of tensor a (32) must match the size of tensor b (8) at non-singleton dimension 1
2025-06-04 00:46:43,858 - root - WARNING - RuntimeError at batch 4: The size of tensor a (32) must match the size of tensor b (8) at non-singleton dimension 1
2025-06-04 00:46:43,893 - root - WARNING - RuntimeError at batch 5: The size of tensor a (32) must match the size of tensor b (8) at non-singleton dimension 1
2025-06-04 00:46:43,927 - root - WARNING - RuntimeError at batch 6: The size of tensor a (32) must match the size of tensor b (8) at non-singleton dimension 1
2025-06-04 00:46:43,963 - root - WARNING - RuntimeError at batch 7: The size of tensor a (32) must match the size of tensor b (8) at non-singleton dimension 1
2025-06-04 00:46:44,005 - root - WARNING - RuntimeError at batch 8: The size of tensor a (32) must match the size of tensor b (8) at non-singleton dimension 1
2025-06-04 00:46:44,039 - root - WARNING - RuntimeError at batch 9: The size of tensor a (32) must match the size of tensor b (8) at non-singleton dimension 1
2025-06-04 00:46:44,075 - root - WARNING - RuntimeError at batch 10: The size of tensor a (32) must match the size of tensor b (8) at non-singleton dimension 1
2025-06-04 00:46:44,113 - root - WARNING - RuntimeError at batch 11: The size of tensor a (32) must match the size of tensor b (8) at non-singleton dimension 1
2025-06-04 00:46:44,155 - root - WARNING - RuntimeError at batch 12: The size of tensor a (32) must match the size of tensor b (8) at non-singleton dimension 1
2025-06-04 00:46:44,192 - root - WARNING - RuntimeError at batch 13: The size of tensor a (32) must match the size of tensor b (8) at non-singleton dimension 1
2025-06-04 00:46:44,228 - root - WARNING - RuntimeError at batch 14: The size of tensor a (32) must match the size of tensor b (8) at non-singleton dimension 1
2025-06-04 00:46:44,263 - root - WARNING - RuntimeError at batch 15: The size of tensor a (32) must match the size of tensor b (8) at non-singleton dimension 1
2025-06-04 00:46:44,296 - root - WARNING - RuntimeError at batch 16: The size of tensor a (32) must match the size of tensor b (8) at non-singleton dimension 1
2025-06-04 00:46:44,327 - root - WARNING - RuntimeError at batch 17: The size of tensor a (32) must match the size of tensor b (8) at non-singleton dimension 1
2025-06-04 00:46:44,362 - root - WARNING - RuntimeError at batch 18: The size of tensor a (32) must match the size of tensor b (8) at non-singleton dimension 1
2025-06-04 00:46:44,394 - root - WARNING - RuntimeError at batch 19: The size of tensor a (32) must match the size of tensor b (8) at non-singleton dimension 1
2025-06-04 00:46:44,433 - root - WARNING - RuntimeError at batch 20: The size of tensor a (32) must match the size of tensor b (8) at non-singleton dimension 1
2025-06-04 00:46:44,465 - root - WARNING - RuntimeError at batch 21: The size of tensor a (32) must match the size of tensor b (8) at non-singleton dimension 1
2025-06-04 00:46:44,505 - root - WARNING - RuntimeError at batch 22: The size of tensor a (32) must match the size of tensor b (8) at non-singleton dimension 1
2025-06-04 00:46:44,545 - root - WARNING - RuntimeError at batch 23: The size of tensor a (32) must match the size of tensor b (8) at non-singleton dimension 1
2025-06-04 00:46:44,579 - root - WARNING - RuntimeError at batch 24: The size of tensor a (32) must match the size of tensor b (8) at non-singleton dimension 1
2025-06-04 00:46:44,622 - root - WARNING - RuntimeError at batch 25: The size of tensor a (32) must match the size of tensor b (8) at non-singleton dimension 1
2025-06-04 00:46:44,661 - root - WARNING - RuntimeError at batch 26: The size of tensor a (32) must match the size of tensor b (8) at non-singleton dimension 1
2025-06-04 00:46:44,697 - root - WARNING - RuntimeError at batch 27: The size of tensor a (32) must match the size of tensor b (8) at non-singleton dimension 1
2025-06-04 00:46:44,730 - root - WARNING - RuntimeError at batch 28: The size of tensor a (32) must match the size of tensor b (8) at non-singleton dimension 1
2025-06-04 00:46:44,764 - root - WARNING - RuntimeError at batch 29: The size of tensor a (32) must match the size of tensor b (8) at non-singleton dimension 1
2025-06-04 00:46:44,798 - root - WARNING - RuntimeError at batch 30: The size of tensor a (32) must match the size of tensor b (8) at non-singleton dimension 1
2025-06-04 00:46:44,828 - root - WARNING - RuntimeError at batch 31: The size of tensor a (32) must match the size of tensor b (8) at non-singleton dimension 1
2025-06-04 00:46:44,867 - root - WARNING - RuntimeError at batch 32: The size of tensor a (32) must match the size of tensor b (8) at non-singleton dimension 1
2025-06-04 00:46:44,902 - root - WARNING - RuntimeError at batch 33: The size of tensor a (32) must match the size of tensor b (8) at non-singleton dimension 1
2025-06-04 00:46:44,931 - root - WARNING - RuntimeError at batch 34: The size of tensor a (32) must match the size of tensor b (8) at non-singleton dimension 1
2025-06-04 00:46:44,964 - root - WARNING - RuntimeError at batch 35: The size of tensor a (32) must match the size of tensor b (8) at non-singleton dimension 1
2025-06-04 00:46:45,005 - root - WARNING - RuntimeError at batch 36: The size of tensor a (32) must match the size of tensor b (8) at non-singleton dimension 1
2025-06-04 00:46:45,036 - root - WARNING - RuntimeError at batch 37: The size of tensor a (32) must match the size of tensor b (8) at non-singleton dimension 1
2025-06-04 00:46:45,070 - root - WARNING - RuntimeError at batch 38: The size of tensor a (32) must match the size of tensor b (8) at non-singleton dimension 1
2025-06-04 00:46:45,114 - root - WARNING - RuntimeError at batch 39: The size of tensor a (32) must match the size of tensor b (8) at non-singleton dimension 1
2025-06-04 00:46:45,149 - root - WARNING - RuntimeError at batch 40: The size of tensor a (32) must match the size of tensor b (8) at non-singleton dimension 1
2025-06-04 00:46:45,183 - root - WARNING - RuntimeError at batch 41: The size of tensor a (32) must match the size of tensor b (8) at non-singleton dimension 1
2025-06-04 00:46:45,229 - root - WARNING - RuntimeError at batch 42: The size of tensor a (32) must match the size of tensor b (8) at non-singleton dimension 1
2025-06-04 00:46:45,263 - root - WARNING - RuntimeError at batch 43: The size of tensor a (32) must match the size of tensor b (8) at non-singleton dimension 1
2025-06-04 00:46:45,301 - root - WARNING - RuntimeError at batch 44: The size of tensor a (32) must match the size of tensor b (8) at non-singleton dimension 1
2025-06-04 00:46:45,340 - root - WARNING - RuntimeError at batch 45: The size of tensor a (32) must match the size of tensor b (8) at non-singleton dimension 1
2025-06-04 00:46:45,378 - root - WARNING - RuntimeError at batch 46: The size of tensor a (32) must match the size of tensor b (8) at non-singleton dimension 1
2025-06-04 00:46:45,414 - root - WARNING - RuntimeError at batch 47: The size of tensor a (32) must match the size of tensor b (8) at non-singleton dimension 1
2025-06-04 00:46:45,451 - root - WARNING - RuntimeError at batch 48: The size of tensor a (32) must match the size of tensor b (8) at non-singleton dimension 1
2025-06-04 00:46:45,488 - root - WARNING - RuntimeError at batch 49: The size of tensor a (32) must match the size of tensor b (8) at non-singleton dimension 1
2025-06-04 00:46:45,524 - root - WARNING - RuntimeError at batch 50: The size of tensor a (32) must match the size of tensor b (8) at non-singleton dimension 1
2025-06-04 00:46:45,558 - root - WARNING - RuntimeError at batch 51: The size of tensor a (32) must match the size of tensor b (8) at non-singleton dimension 1
2025-06-04 00:46:45,591 - root - WARNING - RuntimeError at batch 52: The size of tensor a (32) must match the size of tensor b (8) at non-singleton dimension 1
2025-06-04 00:46:45,630 - root - WARNING - RuntimeError at batch 53: The size of tensor a (32) must match the size of tensor b (8) at non-singleton dimension 1
2025-06-04 00:46:45,662 - root - WARNING - RuntimeError at batch 54: The size of tensor a (32) must match the size of tensor b (8) at non-singleton dimension 1
2025-06-04 00:46:45,696 - root - WARNING - RuntimeError at batch 55: The size of tensor a (32) must match the size of tensor b (8) at non-singleton dimension 1
2025-06-04 00:46:45,728 - root - WARNING - RuntimeError at batch 56: The size of tensor a (32) must match the size of tensor b (8) at non-singleton dimension 1
2025-06-04 00:46:45,762 - root - WARNING - RuntimeError at batch 57: The size of tensor a (32) must match the size of tensor b (8) at non-singleton dimension 1
2025-06-04 00:46:45,801 - root - WARNING - RuntimeError at batch 58: The size of tensor a (32) must match the size of tensor b (8) at non-singleton dimension 1
2025-06-04 00:46:45,843 - root - WARNING - RuntimeError at batch 59: The size of tensor a (32) must match the size of tensor b (8) at non-singleton dimension 1
2025-06-04 00:46:45,877 - root - WARNING - RuntimeError at batch 60: The size of tensor a (32) must match the size of tensor b (8) at non-singleton dimension 1
2025-06-04 00:46:45,914 - root - WARNING - RuntimeError at batch 61: The size of tensor a (32) must match the size of tensor b (8) at non-singleton dimension 1
2025-06-04 00:46:45,949 - root - WARNING - RuntimeError at batch 62: The size of tensor a (32) must match the size of tensor b (8) at non-singleton dimension 1
2025-06-04 00:46:45,987 - root - WARNING - RuntimeError at batch 63: The size of tensor a (32) must match the size of tensor b (8) at non-singleton dimension 1
2025-06-04 00:46:46,021 - root - WARNING - RuntimeError at batch 64: The size of tensor a (32) must match the size of tensor b (8) at non-singleton dimension 1
2025-06-04 00:46:46,064 - root - WARNING - RuntimeError at batch 65: The size of tensor a (32) must match the size of tensor b (8) at non-singleton dimension 1
2025-06-04 00:46:46,099 - root - WARNING - RuntimeError at batch 66: The size of tensor a (32) must match the size of tensor b (8) at non-singleton dimension 1
2025-06-04 00:46:46,139 - root - WARNING - RuntimeError at batch 67: The size of tensor a (32) must match the size of tensor b (8) at non-singleton dimension 1
2025-06-04 00:46:46,172 - root - WARNING - RuntimeError at batch 68: The size of tensor a (32) must match the size of tensor b (8) at non-singleton dimension 1
2025-06-04 00:46:46,212 - root - WARNING - RuntimeError at batch 69: The size of tensor a (32) must match the size of tensor b (8) at non-singleton dimension 1
2025-06-04 00:46:46,244 - root - WARNING - RuntimeError at batch 70: The size of tensor a (32) must match the size of tensor b (8) at non-singleton dimension 1
2025-06-04 00:46:46,281 - root - WARNING - RuntimeError at batch 71: The size of tensor a (32) must match the size of tensor b (8) at non-singleton dimension 1
2025-06-04 00:46:46,320 - root - WARNING - RuntimeError at batch 72: The size of tensor a (32) must match the size of tensor b (8) at non-singleton dimension 1
2025-06-04 00:46:46,352 - root - WARNING - RuntimeError at batch 73: The size of tensor a (32) must match the size of tensor b (8) at non-singleton dimension 1
2025-06-04 00:46:46,388 - root - WARNING - RuntimeError at batch 74: The size of tensor a (32) must match the size of tensor b (8) at non-singleton dimension 1
2025-06-04 00:46:46,431 - root - WARNING - RuntimeError at batch 75: The size of tensor a (32) must match the size of tensor b (8) at non-singleton dimension 1
2025-06-04 00:46:46,464 - root - WARNING - RuntimeError at batch 76: The size of tensor a (32) must match the size of tensor b (8) at non-singleton dimension 1
2025-06-04 00:46:46,501 - root - WARNING - RuntimeError at batch 77: The size of tensor a (32) must match the size of tensor b (8) at non-singleton dimension 1
2025-06-04 00:46:46,531 - root - WARNING - RuntimeError at batch 78: The size of tensor a (32) must match the size of tensor b (8) at non-singleton dimension 1
2025-06-04 00:46:46,567 - root - WARNING - RuntimeError at batch 79: The size of tensor a (32) must match the size of tensor b (8) at non-singleton dimension 1
2025-06-04 00:46:46,598 - root - WARNING - RuntimeError at batch 80: The size of tensor a (32) must match the size of tensor b (8) at non-singleton dimension 1
2025-06-04 00:46:46,631 - root - WARNING - RuntimeError at batch 81: The size of tensor a (32) must match the size of tensor b (8) at non-singleton dimension 1
2025-06-04 00:46:46,662 - root - WARNING - RuntimeError at batch 82: The size of tensor a (32) must match the size of tensor b (8) at non-singleton dimension 1
2025-06-04 00:46:46,697 - root - WARNING - RuntimeError at batch 83: The size of tensor a (32) must match the size of tensor b (8) at non-singleton dimension 1
2025-06-04 00:46:46,728 - root - WARNING - RuntimeError at batch 84: The size of tensor a (32) must match the size of tensor b (8) at non-singleton dimension 1
2025-06-04 00:46:46,758 - root - WARNING - RuntimeError at batch 85: The size of tensor a (32) must match the size of tensor b (8) at non-singleton dimension 1
2025-06-04 00:46:46,789 - root - WARNING - RuntimeError at batch 86: The size of tensor a (32) must match the size of tensor b (8) at non-singleton dimension 1
2025-06-04 00:46:46,822 - root - WARNING - RuntimeError at batch 87: The size of tensor a (32) must match the size of tensor b (8) at non-singleton dimension 1
2025-06-04 00:46:46,856 - root - WARNING - RuntimeError at batch 88: The size of tensor a (32) must match the size of tensor b (8) at non-singleton dimension 1
2025-06-04 00:46:46,890 - root - WARNING - RuntimeError at batch 89: The size of tensor a (32) must match the size of tensor b (8) at non-singleton dimension 1
2025-06-04 00:46:46,930 - root - WARNING - RuntimeError at batch 90: The size of tensor a (32) must match the size of tensor b (8) at non-singleton dimension 1
2025-06-04 00:46:46,965 - root - WARNING - RuntimeError at batch 91: The size of tensor a (32) must match the size of tensor b (8) at non-singleton dimension 1
2025-06-04 00:46:47,001 - root - WARNING - RuntimeError at batch 92: The size of tensor a (32) must match the size of tensor b (8) at non-singleton dimension 1
2025-06-04 00:46:47,037 - root - WARNING - RuntimeError at batch 93: The size of tensor a (32) must match the size of tensor b (8) at non-singleton dimension 1
2025-06-04 00:46:47,092 - root - WARNING - RuntimeError at batch 94: The size of tensor a (32) must match the size of tensor b (8) at non-singleton dimension 1
2025-06-04 00:46:47,133 - root - WARNING - RuntimeError at batch 95: The size of tensor a (32) must match the size of tensor b (8) at non-singleton dimension 1
2025-06-04 00:46:47,166 - root - WARNING - RuntimeError at batch 96: The size of tensor a (32) must match the size of tensor b (8) at non-singleton dimension 1
2025-06-04 00:46:47,203 - root - WARNING - RuntimeError at batch 97: The size of tensor a (32) must match the size of tensor b (8) at non-singleton dimension 1
2025-06-04 00:46:47,237 - root - WARNING - RuntimeError at batch 98: The size of tensor a (32) must match the size of tensor b (8) at non-singleton dimension 1
2025-06-04 00:46:47,269 - root - WARNING - RuntimeError at batch 99: The size of tensor a (32) must match the size of tensor b (8) at non-singleton dimension 1
2025-06-04 00:46:47,303 - root - WARNING - RuntimeError at batch 100: The size of tensor a (32) must match the size of tensor b (8) at non-singleton dimension 1
2025-06-04 00:46:47,336 - root - WARNING - RuntimeError at batch 101: The size of tensor a (32) must match the size of tensor b (8) at non-singleton dimension 1
2025-06-04 00:46:47,376 - root - WARNING - RuntimeError at batch 102: The size of tensor a (32) must match the size of tensor b (8) at non-singleton dimension 1
2025-06-04 00:46:47,418 - root - WARNING - RuntimeError at batch 103: The size of tensor a (32) must match the size of tensor b (8) at non-singleton dimension 1
2025-06-04 00:46:47,448 - root - WARNING - RuntimeError at batch 104: The size of tensor a (32) must match the size of tensor b (8) at non-singleton dimension 1
2025-06-04 00:46:47,487 - root - WARNING - RuntimeError at batch 105: The size of tensor a (32) must match the size of tensor b (8) at non-singleton dimension 1
2025-06-04 00:46:47,521 - root - WARNING - RuntimeError at batch 106: The size of tensor a (32) must match the size of tensor b (8) at non-singleton dimension 1
2025-06-04 00:46:47,553 - root - WARNING - RuntimeError at batch 107: The size of tensor a (32) must match the size of tensor b (8) at non-singleton dimension 1
2025-06-04 00:46:47,585 - root - WARNING - RuntimeError at batch 108: The size of tensor a (32) must match the size of tensor b (8) at non-singleton dimension 1
2025-06-04 00:46:47,617 - root - WARNING - RuntimeError at batch 109: The size of tensor a (32) must match the size of tensor b (8) at non-singleton dimension 1
2025-06-04 00:46:47,650 - root - WARNING - RuntimeError at batch 110: The size of tensor a (32) must match the size of tensor b (8) at non-singleton dimension 1
2025-06-04 00:46:47,685 - root - WARNING - RuntimeError at batch 111: The size of tensor a (32) must match the size of tensor b (8) at non-singleton dimension 1
2025-06-04 00:46:47,716 - root - WARNING - RuntimeError at batch 112: The size of tensor a (32) must match the size of tensor b (8) at non-singleton dimension 1
2025-06-04 00:46:47,745 - root - WARNING - RuntimeError at batch 113: The size of tensor a (32) must match the size of tensor b (8) at non-singleton dimension 1
2025-06-04 00:46:47,781 - root - WARNING - RuntimeError at batch 114: The size of tensor a (32) must match the size of tensor b (8) at non-singleton dimension 1
2025-06-04 00:46:47,812 - root - WARNING - RuntimeError at batch 115: The size of tensor a (32) must match the size of tensor b (8) at non-singleton dimension 1
2025-06-04 00:46:47,845 - root - WARNING - RuntimeError at batch 116: The size of tensor a (32) must match the size of tensor b (8) at non-singleton dimension 1
2025-06-04 00:46:47,873 - root - WARNING - RuntimeError at batch 117: The size of tensor a (32) must match the size of tensor b (8) at non-singleton dimension 1
2025-06-04 00:46:47,910 - root - WARNING - RuntimeError at batch 118: The size of tensor a (32) must match the size of tensor b (8) at non-singleton dimension 1
2025-06-04 00:46:47,961 - root - WARNING - RuntimeError at batch 119: The size of tensor a (32) must match the size of tensor b (8) at non-singleton dimension 1
2025-06-04 00:46:47,996 - root - WARNING - RuntimeError at batch 120: The size of tensor a (32) must match the size of tensor b (8) at non-singleton dimension 1
2025-06-04 00:46:48,033 - root - WARNING - RuntimeError at batch 121: The size of tensor a (32) must match the size of tensor b (8) at non-singleton dimension 1
2025-06-04 00:46:48,065 - root - WARNING - RuntimeError at batch 122: The size of tensor a (32) must match the size of tensor b (8) at non-singleton dimension 1
2025-06-04 00:46:48,099 - root - WARNING - RuntimeError at batch 123: The size of tensor a (32) must match the size of tensor b (8) at non-singleton dimension 1
2025-06-04 00:46:48,135 - root - WARNING - RuntimeError at batch 124: The size of tensor a (32) must match the size of tensor b (8) at non-singleton dimension 1
2025-06-04 00:46:48,171 - root - WARNING - RuntimeError at batch 125: The size of tensor a (32) must match the size of tensor b (8) at non-singleton dimension 1
2025-06-04 00:46:48,206 - root - WARNING - RuntimeError at batch 126: The size of tensor a (32) must match the size of tensor b (8) at non-singleton dimension 1
2025-06-04 00:46:48,239 - root - WARNING - RuntimeError at batch 127: The size of tensor a (32) must match the size of tensor b (8) at non-singleton dimension 1
2025-06-04 00:46:48,273 - root - WARNING - RuntimeError at batch 128: The size of tensor a (32) must match the size of tensor b (8) at non-singleton dimension 1
2025-06-04 00:46:48,305 - root - WARNING - RuntimeError at batch 129: The size of tensor a (32) must match the size of tensor b (8) at non-singleton dimension 1
2025-06-04 00:46:48,340 - root - WARNING - RuntimeError at batch 130: The size of tensor a (32) must match the size of tensor b (8) at non-singleton dimension 1
2025-06-04 00:46:48,374 - root - WARNING - RuntimeError at batch 131: The size of tensor a (32) must match the size of tensor b (8) at non-singleton dimension 1
2025-06-04 00:46:48,411 - root - WARNING - RuntimeError at batch 132: The size of tensor a (32) must match the size of tensor b (8) at non-singleton dimension 1
2025-06-04 00:46:48,440 - root - WARNING - RuntimeError at batch 133: The size of tensor a (32) must match the size of tensor b (8) at non-singleton dimension 1
2025-06-04 00:46:48,475 - root - WARNING - RuntimeError at batch 134: The size of tensor a (32) must match the size of tensor b (8) at non-singleton dimension 1
2025-06-04 00:46:48,509 - root - WARNING - RuntimeError at batch 135: The size of tensor a (32) must match the size of tensor b (8) at non-singleton dimension 1
2025-06-04 00:46:48,540 - root - WARNING - RuntimeError at batch 136: The size of tensor a (32) must match the size of tensor b (8) at non-singleton dimension 1
2025-06-04 00:46:48,584 - root - WARNING - RuntimeError at batch 137: The size of tensor a (32) must match the size of tensor b (8) at non-singleton dimension 1
2025-06-04 00:46:48,630 - root - WARNING - RuntimeError at batch 138: The size of tensor a (32) must match the size of tensor b (8) at non-singleton dimension 1
2025-06-04 00:46:48,676 - root - WARNING - RuntimeError at batch 139: The size of tensor a (32) must match the size of tensor b (8) at non-singleton dimension 1
2025-06-04 00:46:48,706 - root - WARNING - RuntimeError at batch 140: The size of tensor a (32) must match the size of tensor b (8) at non-singleton dimension 1
2025-06-04 00:46:48,746 - root - WARNING - RuntimeError at batch 141: The size of tensor a (32) must match the size of tensor b (8) at non-singleton dimension 1
2025-06-04 00:46:48,782 - root - WARNING - RuntimeError at batch 142: The size of tensor a (32) must match the size of tensor b (8) at non-singleton dimension 1
2025-06-04 00:46:48,814 - root - WARNING - RuntimeError at batch 143: The size of tensor a (32) must match the size of tensor b (8) at non-singleton dimension 1
2025-06-04 00:46:48,848 - root - WARNING - RuntimeError at batch 144: The size of tensor a (32) must match the size of tensor b (8) at non-singleton dimension 1
2025-06-04 00:46:48,885 - root - WARNING - RuntimeError at batch 145: The size of tensor a (32) must match the size of tensor b (8) at non-singleton dimension 1
2025-06-04 00:46:48,914 - root - WARNING - RuntimeError at batch 146: The size of tensor a (32) must match the size of tensor b (8) at non-singleton dimension 1
2025-06-04 00:46:48,942 - root - WARNING - RuntimeError at batch 147: The size of tensor a (32) must match the size of tensor b (8) at non-singleton dimension 1
2025-06-04 00:46:48,978 - root - WARNING - RuntimeError at batch 148: The size of tensor a (32) must match the size of tensor b (8) at non-singleton dimension 1
2025-06-04 00:46:49,013 - root - WARNING - RuntimeError at batch 149: The size of tensor a (32) must match the size of tensor b (8) at non-singleton dimension 1
2025-06-04 00:46:49,042 - root - WARNING - RuntimeError at batch 150: The size of tensor a (32) must match the size of tensor b (8) at non-singleton dimension 1
2025-06-04 00:46:49,072 - root - WARNING - RuntimeError at batch 151: The size of tensor a (32) must match the size of tensor b (8) at non-singleton dimension 1
2025-06-04 00:46:49,103 - root - WARNING - RuntimeError at batch 152: The size of tensor a (32) must match the size of tensor b (8) at non-singleton dimension 1
2025-06-04 00:46:49,139 - root - WARNING - RuntimeError at batch 153: The size of tensor a (32) must match the size of tensor b (8) at non-singleton dimension 1
2025-06-04 00:46:49,171 - root - WARNING - RuntimeError at batch 154: The size of tensor a (32) must match the size of tensor b (8) at non-singleton dimension 1
2025-06-04 00:46:49,204 - root - WARNING - RuntimeError at batch 155: The size of tensor a (32) must match the size of tensor b (8) at non-singleton dimension 1
2025-06-04 00:46:49,236 - root - WARNING - RuntimeError at batch 156: The size of tensor a (32) must match the size of tensor b (8) at non-singleton dimension 1
2025-06-04 00:46:49,272 - root - WARNING - RuntimeError at batch 157: The size of tensor a (32) must match the size of tensor b (8) at non-singleton dimension 1
2025-06-04 00:46:49,305 - root - WARNING - RuntimeError at batch 158: The size of tensor a (32) must match the size of tensor b (8) at non-singleton dimension 1
2025-06-04 00:46:49,338 - root - WARNING - RuntimeError at batch 159: The size of tensor a (32) must match the size of tensor b (8) at non-singleton dimension 1
2025-06-04 00:46:49,369 - root - WARNING - RuntimeError at batch 160: The size of tensor a (32) must match the size of tensor b (8) at non-singleton dimension 1
2025-06-04 00:46:49,408 - root - WARNING - RuntimeError at batch 161: The size of tensor a (32) must match the size of tensor b (8) at non-singleton dimension 1
2025-06-04 00:46:49,447 - root - WARNING - RuntimeError at batch 162: The size of tensor a (32) must match the size of tensor b (8) at non-singleton dimension 1
2025-06-04 00:46:49,496 - root - WARNING - RuntimeError at batch 163: The size of tensor a (32) must match the size of tensor b (8) at non-singleton dimension 1
2025-06-04 00:46:49,528 - root - WARNING - RuntimeError at batch 164: The size of tensor a (32) must match the size of tensor b (8) at non-singleton dimension 1
2025-06-04 00:46:49,559 - root - WARNING - RuntimeError at batch 165: The size of tensor a (32) must match the size of tensor b (8) at non-singleton dimension 1
2025-06-04 00:46:49,593 - root - WARNING - RuntimeError at batch 166: The size of tensor a (32) must match the size of tensor b (8) at non-singleton dimension 1
2025-06-04 00:46:49,627 - root - WARNING - RuntimeError at batch 167: The size of tensor a (32) must match the size of tensor b (8) at non-singleton dimension 1
2025-06-04 00:46:49,659 - root - WARNING - RuntimeError at batch 168: The size of tensor a (32) must match the size of tensor b (8) at non-singleton dimension 1
2025-06-04 00:46:49,700 - root - WARNING - RuntimeError at batch 169: The size of tensor a (32) must match the size of tensor b (8) at non-singleton dimension 1
2025-06-04 00:46:49,730 - root - WARNING - RuntimeError at batch 170: The size of tensor a (32) must match the size of tensor b (8) at non-singleton dimension 1
2025-06-04 00:46:49,765 - root - WARNING - RuntimeError at batch 171: The size of tensor a (32) must match the size of tensor b (8) at non-singleton dimension 1
2025-06-04 00:46:49,801 - root - WARNING - RuntimeError at batch 172: The size of tensor a (32) must match the size of tensor b (8) at non-singleton dimension 1
2025-06-04 00:46:49,832 - root - WARNING - RuntimeError at batch 173: The size of tensor a (12) must match the size of tensor b (8) at non-singleton dimension 1
2025-06-04 00:46:51,031 - root - ERROR - No valid batches processed in this epoch!
