2025-06-05 18:31:07,230 - root - INFO - Logging to E:\EmotionAnalysis\Emotions-Analysis\outputs\logs\20250605_183107_training.log
2025-06-05 18:31:07,230 - root - INFO - Starting training pipeline...
2025-06-05 18:31:07,230 - root - INFO - Using device: cuda
2025-06-05 18:31:07,734 - root - INFO - Loaded tokenizer with vocab size: 30522
2025-06-05 18:31:07,734 - root - INFO - Loading data from raw files...
2025-06-05 18:31:07,734 - root - INFO - Loading raw data...
2025-06-05 18:31:08,278 - root - INFO - Preprocessing data ...
2025-06-05 18:31:09,855 - root - INFO - Data sizes - Train: 5548, Val: 686, Test: 693
2025-06-05 18:31:09,855 - root - INFO - Data loaded - Train: 5548, Val: 686, Test: 693
2025-06-05 18:31:09,855 - root - INFO - Train set unique emotions: [6 5 0 2 3 1 4]
2025-06-05 18:31:09,855 - root - INFO - Val set unique emotions: [6 0 1 2 4 5 3]
2025-06-05 18:31:09,855 - root - INFO - Creating datasets...
2025-06-05 18:31:09,855 - root - INFO - Setting vocab size to 30522
2025-06-05 18:31:09,855 - root - INFO - Creating dataloaders...
2025-06-05 18:31:09,855 - root - INFO - Initializing trainer...
2025-06-05 18:31:10,192 - root - INFO - Starting training...
2025-06-05 19:07:11,315 - root - INFO - Training completed. Best validation loss: 0.9397
2025-06-05 19:07:11,404 - root - INFO - Final model saved to E:\EmotionAnalysis\Emotions-Analysis\outputs\models\final_model.pt
2025-06-05 19:07:11,404 - root - INFO - Evaluating on validation set...
2025-06-05 19:07:39,899 - root - INFO - Validation evaluation report saved to E:\EmotionAnalysis\Emotions-Analysis\outputs\validation_evaluation_report.txt
2025-06-05 19:07:39,899 - root - INFO - 
Validation Set Results:
2025-06-05 19:07:39,899 - root - INFO - Accuracy: 0.4397
2025-06-05 19:07:39,899 - root - INFO - Precision: 0.4481
2025-06-05 19:07:39,900 - root - INFO - Recall: 0.4397
2025-06-05 19:07:39,900 - root - INFO - F1: 0.4290
2025-06-05 19:07:39,900 - root - INFO - Confusion_matrix_path: E:\EmotionAnalysis\Emotions-Analysis\outputs\figures\confusion_matrix_20250605_190739.png
2025-06-05 19:07:39,900 - root - INFO - Evaluating on test set...
